{"C:\\Users\\Rache\\OneDrive\\Documents\\DVOPS_Projects\\final(3)\\JobFinders\\index.js":{"path":"C:\\Users\\Rache\\OneDrive\\Documents\\DVOPS_Projects\\final(3)\\JobFinders\\index.js","statementMap":{"0":{"start":{"line":1,"column":14},"end":{"line":1,"column":32}},"1":{"start":{"line":2,"column":17},"end":{"line":2,"column":39}},"2":{"start":{"line":3,"column":10},"end":{"line":3,"column":19}},"3":{"start":{"line":4,"column":15},"end":{"line":4,"column":34}},"4":{"start":{"line":6,"column":13},"end":{"line":6,"column":37}},"5":{"start":{"line":7,"column":16},"end":{"line":7,"column":28}},"6":{"start":{"line":9,"column":0},"end":{"line":9,"column":51}},"7":{"start":{"line":10,"column":0},"end":{"line":10,"column":27}},"8":{"start":{"line":11,"column":0},"end":{"line":11,"column":36}},"9":{"start":{"line":14,"column":0},"end":{"line":22,"column":3}},"10":{"start":{"line":15,"column":26},"end":{"line":15,"column":44}},"11":{"start":{"line":17,"column":4},"end":{"line":17,"column":61}},"12":{"start":{"line":18,"column":4},"end":{"line":18,"column":73}},"13":{"start":{"line":19,"column":4},"end":{"line":19,"column":63}},"14":{"start":{"line":21,"column":4},"end":{"line":21,"column":11}},"15":{"start":{"line":24,"column":21},"end":{"line":24,"column":48}},"16":{"start":{"line":25,"column":0},"end":{"line":25,"column":32}},"17":{"start":{"line":27,"column":18},"end":{"line":27,"column":45}},"18":{"start":{"line":28,"column":0},"end":{"line":28,"column":26}},"19":{"start":{"line":30,"column":20},"end":{"line":30,"column":47}},"20":{"start":{"line":31,"column":0},"end":{"line":31,"column":30}},"21":{"start":{"line":33,"column":21},"end":{"line":33,"column":48}},"22":{"start":{"line":34,"column":0},"end":{"line":34,"column":27}},"23":{"start":{"line":36,"column":23},"end":{"line":36,"column":50}},"24":{"start":{"line":37,"column":0},"end":{"line":37,"column":37}},"25":{"start":{"line":39,"column":23},"end":{"line":39,"column":50}},"26":{"start":{"line":40,"column":0},"end":{"line":40,"column":39}},"27":{"start":{"line":42,"column":23},"end":{"line":42,"column":50}},"28":{"start":{"line":43,"column":0},"end":{"line":43,"column":45}},"29":{"start":{"line":45,"column":21},"end":{"line":45,"column":48}},"30":{"start":{"line":46,"column":0},"end":{"line":46,"column":32}},"31":{"start":{"line":48,"column":22},"end":{"line":48,"column":55}},"32":{"start":{"line":49,"column":0},"end":{"line":49,"column":25}},"33":{"start":{"line":51,"column":0},"end":{"line":53,"column":2}},"34":{"start":{"line":52,"column":4},"end":{"line":52,"column":53}},"35":{"start":{"line":55,"column":15},"end":{"line":60,"column":2}},"36":{"start":{"line":57,"column":4},"end":{"line":57,"column":45}},"37":{"start":{"line":58,"column":4},"end":{"line":58,"column":45}},"38":{"start":{"line":59,"column":4},"end":{"line":59,"column":40}},"39":{"start":{"line":62,"column":0},"end":{"line":62,"column":32}}},"fnMap":{"0":{"name":"(anonymous_0)","decl":{"start":{"line":14,"column":8},"end":{"line":14,"column":9}},"loc":{"start":{"line":14,"column":28},"end":{"line":22,"column":1}},"line":14},"1":{"name":"(anonymous_1)","decl":{"start":{"line":51,"column":13},"end":{"line":51,"column":14}},"loc":{"start":{"line":51,"column":27},"end":{"line":53,"column":1}},"line":51},"2":{"name":"(anonymous_2)","decl":{"start":{"line":55,"column":32},"end":{"line":55,"column":33}},"loc":{"start":{"line":55,"column":44},"end":{"line":60,"column":1}},"line":55}},"branchMap":{"0":{"loc":{"start":{"line":6,"column":13},"end":{"line":6,"column":37}},"type":"binary-expr","locations":[{"start":{"line":6,"column":13},"end":{"line":6,"column":29}},{"start":{"line":6,"column":33},"end":{"line":6,"column":37}}],"line":6}},"s":{"0":0,"1":0,"2":0,"3":0,"4":0,"5":0,"6":0,"7":0,"8":0,"9":0,"10":0,"11":0,"12":0,"13":0,"14":0,"15":0,"16":0,"17":0,"18":0,"19":0,"20":0,"21":0,"22":0,"23":0,"24":0,"25":0,"26":0,"27":0,"28":0,"29":0,"30":0,"31":0,"32":0,"33":0,"34":0,"35":0,"36":0,"37":0,"38":0,"39":0},"f":{"0":0,"1":0,"2":0},"b":{"0":[0,0]},"all":true},"C:\\Users\\Rache\\OneDrive\\Documents\\DVOPS_Projects\\final(3)\\JobFinders\\public\\instrumented\\js\\home.js":{"path":"C:\\Users\\Rache\\OneDrive\\Documents\\DVOPS_Projects\\final(3)\\JobFinders\\public\\instrumented\\js\\home.js","statementMap":{"0":{"start":{"line":1,"column":35},"end":{"line":1,"column":113}},"1":{"start":{"line":1,"column":123},"end":{"line":1,"column":165}},"2":{"start":{"line":1,"column":177},"end":{"line":1,"column":206}},"3":{"start":{"line":1,"column":215},"end":{"line":1,"column":229}},"4":{"start":{"line":1,"column":247},"end":{"line":1,"column":5360}},"5":{"start":{"line":1,"column":5374},"end":{"line":1,"column":5403}},"6":{"start":{"line":1,"column":5404},"end":{"line":1,"column":5481}},"7":{"start":{"line":1,"column":5452},"end":{"line":1,"column":5480}},"8":{"start":{"line":1,"column":5500},"end":{"line":1,"column":5514}},"9":{"start":{"line":2,"column":0},"end":{"line":2,"column":50}},"10":{"start":{"line":2,"column":26},"end":{"line":2,"column":48}},"11":{"start":{"line":2,"column":51},"end":{"line":2,"column":73}},"12":{"start":{"line":2,"column":74},"end":{"line":2,"column":91}},"13":{"start":{"line":2,"column":116},"end":{"line":2,"column":140}},"14":{"start":{"line":2,"column":140},"end":{"line":2,"column":164}},"15":{"start":{"line":2,"column":164},"end":{"line":14,"column":123}},"16":{"start":{"line":2,"column":216},"end":{"line":2,"column":240}},"17":{"start":{"line":2,"column":240},"end":{"line":2,"column":264}},"18":{"start":{"line":2,"column":264},"end":{"line":2,"column":287}},"19":{"start":{"line":2,"column":302},"end":{"line":2,"column":326}},"20":{"start":{"line":2,"column":342},"end":{"line":2,"column":434}},"21":{"start":{"line":2,"column":446},"end":{"line":2,"column":472}},"22":{"start":{"line":2,"column":474},"end":{"line":2,"column":498}},"23":{"start":{"line":2,"column":498},"end":{"line":13,"column":26}},"24":{"start":{"line":2,"column":525},"end":{"line":2,"column":549}},"25":{"start":{"line":2,"column":549},"end":{"line":2,"column":573}},"26":{"start":{"line":2,"column":573},"end":{"line":13,"column":23}},"27":{"start":{"line":13,"column":26},"end":{"line":13,"column":50}},"28":{"start":{"line":13,"column":50},"end":{"line":13,"column":74}},"29":{"start":{"line":13,"column":91},"end":{"line":13,"column":115}},"30":{"start":{"line":13,"column":115},"end":{"line":13,"column":139}},"31":{"start":{"line":13,"column":139},"end":{"line":13,"column":187}},"32":{"start":{"line":14,"column":0},"end":{"line":14,"column":24}},"33":{"start":{"line":14,"column":24},"end":{"line":14,"column":120}},"34":{"start":{"line":16,"column":18},"end":{"line":16,"column":42}},"35":{"start":{"line":16,"column":56},"end":{"line":16,"column":336}},"36":{"start":{"line":17,"column":17},"end":{"line":17,"column":62}},"37":{"start":{"line":18,"column":0},"end":{"line":18,"column":25}},"38":{"start":{"line":18,"column":25},"end":{"line":18,"column":499}},"39":{"start":{"line":18,"column":156},"end":{"line":18,"column":183}},"40":{"start":{"line":18,"column":183},"end":{"line":18,"column":208}},"41":{"start":{"line":18,"column":208},"end":{"line":18,"column":337}},"42":{"start":{"line":18,"column":337},"end":{"line":18,"column":362}},"43":{"start":{"line":18,"column":362},"end":{"line":18,"column":433}},"44":{"start":{"line":18,"column":433},"end":{"line":18,"column":458}},"45":{"start":{"line":18,"column":458},"end":{"line":18,"column":465}},"46":{"start":{"line":18,"column":471},"end":{"line":18,"column":498}},"47":{"start":{"line":19,"column":18},"end":{"line":19,"column":58}},"48":{"start":{"line":19,"column":60},"end":{"line":19,"column":85}},"49":{"start":{"line":19,"column":85},"end":{"line":19,"column":422}},"50":{"start":{"line":19,"column":124},"end":{"line":19,"column":151}},"51":{"start":{"line":19,"column":151},"end":{"line":19,"column":176}},"52":{"start":{"line":19,"column":176},"end":{"line":19,"column":260}},"53":{"start":{"line":19,"column":260},"end":{"line":19,"column":285}},"54":{"start":{"line":19,"column":285},"end":{"line":19,"column":356}},"55":{"start":{"line":19,"column":356},"end":{"line":19,"column":381}},"56":{"start":{"line":19,"column":381},"end":{"line":19,"column":388}},"57":{"start":{"line":19,"column":394},"end":{"line":19,"column":421}},"58":{"start":{"line":20,"column":0},"end":{"line":20,"column":25}},"59":{"start":{"line":20,"column":25},"end":{"line":20,"column":422}},"60":{"start":{"line":20,"column":65},"end":{"line":20,"column":89}},"61":{"start":{"line":20,"column":89},"end":{"line":20,"column":114}},"62":{"start":{"line":20,"column":114},"end":{"line":20,"column":132}},"63":{"start":{"line":20,"column":136},"end":{"line":20,"column":163}},"64":{"start":{"line":20,"column":163},"end":{"line":20,"column":188}},"65":{"start":{"line":20,"column":188},"end":{"line":20,"column":260}},"66":{"start":{"line":20,"column":260},"end":{"line":20,"column":285}},"67":{"start":{"line":20,"column":285},"end":{"line":20,"column":356}},"68":{"start":{"line":20,"column":356},"end":{"line":20,"column":381}},"69":{"start":{"line":20,"column":381},"end":{"line":20,"column":388}},"70":{"start":{"line":20,"column":394},"end":{"line":20,"column":421}},"71":{"start":{"line":20,"column":435},"end":{"line":20,"column":480}},"72":{"start":{"line":20,"column":482},"end":{"line":20,"column":507}},"73":{"start":{"line":20,"column":507},"end":{"line":20,"column":565}},"74":{"start":{"line":20,"column":565},"end":{"line":20,"column":590}},"75":{"start":{"line":20,"column":590},"end":{"line":20,"column":650}},"76":{"start":{"line":20,"column":650},"end":{"line":20,"column":675}},"77":{"start":{"line":20,"column":675},"end":{"line":21,"column":415}},"78":{"start":{"line":20,"column":701},"end":{"line":20,"column":725}},"79":{"start":{"line":20,"column":739},"end":{"line":20,"column":796}},"80":{"start":{"line":20,"column":798},"end":{"line":20,"column":823}},"81":{"start":{"line":20,"column":823},"end":{"line":20,"column":845}},"82":{"start":{"line":20,"column":845},"end":{"line":20,"column":870}},"83":{"start":{"line":20,"column":870},"end":{"line":21,"column":413}},"84":{"start":{"line":20,"column":903},"end":{"line":20,"column":930}},"85":{"start":{"line":20,"column":930},"end":{"line":20,"column":955}},"86":{"start":{"line":20,"column":955},"end":{"line":20,"column":1035}},"87":{"start":{"line":20,"column":1035},"end":{"line":20,"column":1060}},"88":{"start":{"line":20,"column":1060},"end":{"line":20,"column":1132}},"89":{"start":{"line":21,"column":0},"end":{"line":21,"column":25}},"90":{"start":{"line":21,"column":25},"end":{"line":21,"column":151}},"91":{"start":{"line":21,"column":61},"end":{"line":21,"column":85}},"92":{"start":{"line":21,"column":85},"end":{"line":21,"column":110}},"93":{"start":{"line":21,"column":110},"end":{"line":21,"column":148}},"94":{"start":{"line":21,"column":151},"end":{"line":21,"column":176}},"95":{"start":{"line":21,"column":176},"end":{"line":21,"column":192}},"96":{"start":{"line":21,"column":198},"end":{"line":21,"column":225}},"97":{"start":{"line":21,"column":225},"end":{"line":21,"column":250}},"98":{"start":{"line":21,"column":250},"end":{"line":21,"column":316}},"99":{"start":{"line":21,"column":316},"end":{"line":21,"column":341}},"100":{"start":{"line":21,"column":341},"end":{"line":21,"column":412}},"101":{"start":{"line":21,"column":415},"end":{"line":21,"column":440}},"102":{"start":{"line":21,"column":440},"end":{"line":21,"column":479}}},"fnMap":{"0":{"name":"cov_1jr207kuc8","decl":{"start":{"line":1,"column":9},"end":{"line":1,"column":23}},"loc":{"start":{"line":1,"column":25},"end":{"line":2,"column":74}},"line":1},"1":{"name":"(anonymous_1)","decl":{"start":{"line":2,"column":15},"end":{"line":2,"column":16}},"loc":{"start":{"line":2,"column":25},"end":{"line":2,"column":49}},"line":2},"2":{"name":"viewResources","decl":{"start":{"line":2,"column":100},"end":{"line":2,"column":113}},"loc":{"start":{"line":2,"column":115},"end":{"line":14,"column":124}},"line":2},"3":{"name":"(anonymous_3)","decl":{"start":{"line":2,"column":205},"end":{"line":2,"column":206}},"loc":{"start":{"line":2,"column":215},"end":{"line":2,"column":288}},"line":2},"4":{"name":"(anonymous_4)","decl":{"start":{"line":2,"column":295},"end":{"line":2,"column":296}},"loc":{"start":{"line":2,"column":301},"end":{"line":13,"column":75}},"line":2},"5":{"name":"(anonymous_5)","decl":{"start":{"line":2,"column":511},"end":{"line":2,"column":512}},"loc":{"start":{"line":2,"column":524},"end":{"line":13,"column":24}},"line":2},"6":{"name":"(anonymous_6)","decl":{"start":{"line":13,"column":83},"end":{"line":13,"column":84}},"loc":{"start":{"line":13,"column":90},"end":{"line":14,"column":121}},"line":13},"7":{"name":"addJob","decl":{"start":{"line":16,"column":9},"end":{"line":16,"column":15}},"loc":{"start":{"line":16,"column":17},"end":{"line":21,"column":480}},"line":16},"8":{"name":"(anonymous_8)","decl":{"start":{"line":20,"column":57},"end":{"line":20,"column":58}},"loc":{"start":{"line":20,"column":64},"end":{"line":20,"column":133}},"line":20},"9":{"name":"(anonymous_9)","decl":{"start":{"line":20,"column":690},"end":{"line":20,"column":691}},"loc":{"start":{"line":20,"column":700},"end":{"line":21,"column":414}},"line":20},"10":{"name":"(anonymous_10)","decl":{"start":{"line":21,"column":55},"end":{"line":21,"column":56}},"loc":{"start":{"line":21,"column":60},"end":{"line":21,"column":149}},"line":21}},"branchMap":{"0":{"loc":{"start":{"line":1,"column":5374},"end":{"line":1,"column":5403}},"type":"binary-expr","locations":[{"start":{"line":1,"column":5374},"end":{"line":1,"column":5385}},{"start":{"line":1,"column":5388},"end":{"line":1,"column":5402}}],"line":1},"1":{"loc":{"start":{"line":1,"column":5404},"end":{"line":1,"column":5481}},"type":"if","locations":[{"start":{"line":1,"column":5404},"end":{"line":1,"column":5481}},{"start":{"line":1,"column":5404},"end":{"line":1,"column":5481}}],"line":1},"2":{"loc":{"start":{"line":1,"column":5407},"end":{"line":1,"column":5450}},"type":"binary-expr","locations":[{"start":{"line":1,"column":5407},"end":{"line":1,"column":5422}},{"start":{"line":1,"column":5424},"end":{"line":1,"column":5450}}],"line":1},"3":{"loc":{"start":{"line":18,"column":25},"end":{"line":18,"column":499}},"type":"if","locations":[{"start":{"line":18,"column":25},"end":{"line":18,"column":499}},{"start":{"line":18,"column":25},"end":{"line":18,"column":499}}],"line":18},"4":{"loc":{"start":{"line":18,"column":28},"end":{"line":18,"column":154}},"type":"binary-expr","locations":[{"start":{"line":18,"column":29},"end":{"line":18,"column":89}},{"start":{"line":18,"column":93},"end":{"line":18,"column":153}}],"line":18},"5":{"loc":{"start":{"line":19,"column":85},"end":{"line":19,"column":422}},"type":"if","locations":[{"start":{"line":19,"column":85},"end":{"line":19,"column":422}},{"start":{"line":19,"column":85},"end":{"line":19,"column":422}}],"line":19},"6":{"loc":{"start":{"line":20,"column":25},"end":{"line":20,"column":422}},"type":"if","locations":[{"start":{"line":20,"column":25},"end":{"line":20,"column":422}},{"start":{"line":20,"column":25},"end":{"line":20,"column":422}}],"line":20},"7":{"loc":{"start":{"line":20,"column":870},"end":{"line":21,"column":413}},"type":"if","locations":[{"start":{"line":20,"column":870},"end":{"line":21,"column":413}},{"start":{"line":20,"column":870},"end":{"line":21,"column":413}}],"line":20}},"s":{"0":0,"1":0,"2":0,"3":0,"4":0,"5":0,"6":0,"7":0,"8":0,"9":0,"10":0,"11":0,"12":0,"13":0,"14":0,"15":0,"16":0,"17":0,"18":0,"19":0,"20":0,"21":0,"22":0,"23":0,"24":0,"25":0,"26":0,"27":0,"28":0,"29":0,"30":0,"31":0,"32":0,"33":0,"34":0,"35":0,"36":0,"37":0,"38":0,"39":0,"40":0,"41":0,"42":0,"43":0,"44":0,"45":0,"46":0,"47":0,"48":0,"49":0,"50":0,"51":0,"52":0,"53":0,"54":0,"55":0,"56":0,"57":0,"58":0,"59":0,"60":0,"61":0,"62":0,"63":0,"64":0,"65":0,"66":0,"67":0,"68":0,"69":0,"70":0,"71":0,"72":0,"73":0,"74":0,"75":0,"76":0,"77":0,"78":0,"79":0,"80":0,"81":0,"82":0,"83":0,"84":0,"85":0,"86":0,"87":0,"88":0,"89":0,"90":0,"91":0,"92":0,"93":0,"94":0,"95":0,"96":0,"97":0,"98":0,"99":0,"100":0,"101":0,"102":0},"f":{"0":0,"1":0,"2":0,"3":0,"4":0,"5":0,"6":0,"7":0,"8":0,"9":0,"10":0},"b":{"0":[0,0],"1":[0,0],"2":[0,0],"3":[0,0],"4":[0,0],"5":[0,0],"6":[0,0],"7":[0,0]},"inputSourceMap":{"version":3,"names":["cov_1jr207kuc8","actualCoverage","viewResources","f","s","fetch","then","response","json","data","jobTable","document","getElementById","getElementsByTagName","html","forEach","job","index","jobName","company","location","description","contact","id","innerHTML","catch","error","console","addJob","jsonData","value","onlyAlpha","b","test","setAttribute","oneSpecial","Object","values","some","request","XMLHttpRequest","open","setRequestHeader","onload","JSON","parse","responseText","log","message","undefined","keys","key","send","stringify"],"sources":["home.js"],"sourcesContent":["function viewResources() {\r\n    fetch('http://localhost:5055/view')\r\n        .then(response => response.json())\r\n        .then(data => {\r\n            const jobTable = document.getElementById('jobTable').getElementsByTagName('tbody')[0];\r\n            let html = '';\r\n            data.forEach((job, index) => {\r\n                html += `<tr>\r\n                    <td>${index + 1}</td>\r\n                    <td>${job.jobName}</td>\r\n                    <td>${job.company}</td>\r\n                    <td>${job.location}</td>\r\n                    <td>${job.description}</td>\r\n                    <td>${job.contact}</td>\r\n                    <td>\r\n                        <button type=\"button\" class=\"btn btn-warning\" onclick=\"editJob(${job.id})\">Edit</button>\r\n                        <button type=\"button\" class=\"btn btn-danger\" onclick=\"deleteJob(${job.id})\">Delete</button>\r\n                    </td>\r\n                </tr>`;\r\n            });\r\n\r\n            jobTable.innerHTML = html;\r\n        })\r\n        .catch(error => {console.error('Error fetching job data:', error);\r\n\r\n        // Display an error message if fetching data fails\r\n        jobTable.innerHTML = '<tr><td colspan=\"7\">Error fetching data. Please try again later.</td></tr>';\r\n    }\r\n)}\r\n\r\n\r\n// // Call the function to load data when the page is loaded\r\n// viewResources();\r\n\r\n\r\nfunction addJob() {\r\n    var jsonData = {\r\n        jobName: document.getElementById(\"jobName\").value,\r\n        company: document.getElementById(\"company\").value,\r\n        location: document.getElementById(\"location\").value,\r\n        description: document.getElementById(\"description\").value,\r\n        contact: document.getElementById(\"contact\").value,\r\n    };\r\n\r\n    // Validate jobName and company fields\r\n    const onlyAlpha = /^[A-Za-z\\s]{1,50}$/; // Alphabets and spaces, up to 50 characters\r\n    if (!onlyAlpha.test(jsonData.jobName) || !onlyAlpha.test(jsonData.company)) {\r\n        document.getElementById(\"message\").innerHTML = 'Job name and company must contain alphabets only and be up to 50 characters long.';\r\n        document.getElementById(\"message\").setAttribute(\"class\", \"text-danger\");\r\n        return;\r\n    }\r\n\r\n    // Validate contact to include only 1 @ so that the user provides contact email\r\n    const oneSpecial = /^[^@]*@[^@]+$/;\r\n    if (!oneSpecial.test(jsonData.contact)) {\r\n        document.getElementById(\"message\").innerHTML = 'Provide valid contact details: email';\r\n        document.getElementById(\"message\").setAttribute(\"class\", \"text-danger\");\r\n        return;\r\n    }\r\n\r\n    // Check if any of the input fields is empty\r\n    if (Object.values(jsonData).some(value => value === \"\")) {\r\n        document.getElementById(\"message\").innerHTML = 'All fields are required!';\r\n        document.getElementById(\"message\").setAttribute(\"class\", \"text-danger\");\r\n        return;\r\n    }\r\n\r\n    var request = new XMLHttpRequest();\r\n    request.open(\"POST\", \"http://localhost:5055/add-job\", true);\r\n    request.setRequestHeader('Content-Type', 'application/json');\r\n    request.onload = function () {\r\n        var response = JSON.parse(request.responseText);\r\n        console.log(response);\r\n\r\n        if (response.message === undefined) {\r\n            document.getElementById(\"message\").innerHTML = 'Added Job: ' + jsonData.jobName + '!';\r\n            document.getElementById(\"message\").setAttribute(\"class\", \"text-success\");\r\n            // Clear input fields\r\n            Object.keys(jsonData).forEach(key => {\r\n                document.getElementById(key).value = \"\";\r\n            });\r\n            viewResources();         \r\n        }else {\r\n            document.getElementById(\"message\").innerHTML = 'Unable to add Job!';\r\n            document.getElementById(\"message\").setAttribute(\"class\", \"text-danger\");\r\n        }\r\n    };\r\n\r\n    request.send(JSON.stringify(jsonData));\r\n}\r\n\r\n"],"mappings":"44KAeY;AAAAA,cAAA,SAAAA,CAAA,SAAAC,cAAA,WAAAA,cAAA,EAAAD,cAAA,GAfZ,QAAS,CAAAE,aAAaA,CAAA,CAAG,CAAAF,cAAA,GAAAG,CAAA,MAAAH,cAAA,GAAAI,CAAA,MACrBC,KAAK,CAAC,4BAA4B,CAAC,CAC9BC,IAAI,CAACC,QAAQ,EAAI,CAAAP,cAAA,GAAAG,CAAA,MAAAH,cAAA,GAAAI,CAAA,aAAAG,QAAQ,CAACC,IAAI,CAAC,CAAC,CAAD,CAAC,CAAC,CACjCF,IAAI,CAACG,IAAI,EAAI,CAAAT,cAAA,GAAAG,CAAA,MACV,KAAM,CAAAO,QAAQ,EAAAV,cAAA,GAAAI,CAAA,MAAGO,QAAQ,CAACC,cAAc,CAAC,UAAU,CAAC,CAACC,oBAAoB,CAAC,OAAO,CAAC,CAAC,CAAC,CAAC,EACrF,GAAI,CAAAC,IAAI,EAAAd,cAAA,GAAAI,CAAA,MAAG,EAAE,EAACJ,cAAA,GAAAI,CAAA,MACdK,IAAI,CAACM,OAAO,CAAC,CAACC,GAAG,CAAEC,KAAK,GAAK,CAAAjB,cAAA,GAAAG,CAAA,MAAAH,cAAA,GAAAI,CAAA,MACzBU,IAAI,EAAK;AACzB,0BAA0BG,KAAK,CAAG,CAAE;AACpC,0BAA0BD,GAAG,CAACE,OAAQ;AACtC,0BAA0BF,GAAG,CAACG,OAAQ;AACtC,0BAA0BH,GAAG,CAACI,QAAS;AACvC,0BAA0BJ,GAAG,CAACK,WAAY;AAC1C,0BAA0BL,GAAG,CAACM,OAAQ;AACtC;AACA,yFAAyFN,GAAG,CAACO,EAAG;AAChG,0FAA0FP,GAAG,CAACO,EAAG;AACjG;AACA,sBAAsB,CACV,CAAC,CAAC,CAACvB,cAAA,GAAAI,CAAA,MAEHM,QAAQ,CAACc,SAAS,CAAGV,IAAI,CAC7B,CAAC,CAAC,CACDW,KAAK,CAACC,KAAK,EAAI,CAAA1B,cAAA,GAAAG,CAAA,MAAAH,cAAA,GAAAI,CAAA,MAACuB,OAAO,CAACD,KAAK,CAAC,0BAA0B,CAAEA,KAAK,CAAC,CAEjE;AAAA1B,cAAA,GAAAI,CAAA,MACAM,QAAQ,CAACc,SAAS,CAAG,4EAA4E,CACrG,CACJ,CAAC,EAGD;AACA;AAGA,QAAS,CAAAI,MAAMA,CAAA,CAAG,CAAA5B,cAAA,GAAAG,CAAA,MACd,GAAI,CAAA0B,QAAQ,EAAA7B,cAAA,GAAAI,CAAA,MAAG,CACXc,OAAO,CAAEP,QAAQ,CAACC,cAAc,CAAC,SAAS,CAAC,CAACkB,KAAK,CACjDX,OAAO,CAAER,QAAQ,CAACC,cAAc,CAAC,SAAS,CAAC,CAACkB,KAAK,CACjDV,QAAQ,CAAET,QAAQ,CAACC,cAAc,CAAC,UAAU,CAAC,CAACkB,KAAK,CACnDT,WAAW,CAAEV,QAAQ,CAACC,cAAc,CAAC,aAAa,CAAC,CAACkB,KAAK,CACzDR,OAAO,CAAEX,QAAQ,CAACC,cAAc,CAAC,SAAS,CAAC,CAACkB,KAChD,CAAC,EAED;AACA,KAAM,CAAAC,SAAS,EAAA/B,cAAA,GAAAI,CAAA,OAAG,oBAAoB,EAAE;AAAAJ,cAAA,GAAAI,CAAA,OACxC,GAAI,CAAAJ,cAAA,GAAAgC,CAAA,UAACD,SAAS,CAACE,IAAI,CAACJ,QAAQ,CAACX,OAAO,CAAC,IAAAlB,cAAA,GAAAgC,CAAA,SAAI,CAACD,SAAS,CAACE,IAAI,CAACJ,QAAQ,CAACV,OAAO,CAAC,EAAE,CAAAnB,cAAA,GAAAgC,CAAA,SAAAhC,cAAA,GAAAI,CAAA,OACxEO,QAAQ,CAACC,cAAc,CAAC,SAAS,CAAC,CAACY,SAAS,CAAG,mFAAmF,CAACxB,cAAA,GAAAI,CAAA,OACnIO,QAAQ,CAACC,cAAc,CAAC,SAAS,CAAC,CAACsB,YAAY,CAAC,OAAO,CAAE,aAAa,CAAC,CAAClC,cAAA,GAAAI,CAAA,OACxE,OACJ,CAAC,KAAAJ,cAAA,GAAAgC,CAAA,UAED;AACA,KAAM,CAAAG,UAAU,EAAAnC,cAAA,GAAAI,CAAA,OAAG,eAAe,EAACJ,cAAA,GAAAI,CAAA,OACnC,GAAI,CAAC+B,UAAU,CAACF,IAAI,CAACJ,QAAQ,CAACP,OAAO,CAAC,CAAE,CAAAtB,cAAA,GAAAgC,CAAA,SAAAhC,cAAA,GAAAI,CAAA,OACpCO,QAAQ,CAACC,cAAc,CAAC,SAAS,CAAC,CAACY,SAAS,CAAG,sCAAsC,CAACxB,cAAA,GAAAI,CAAA,OACtFO,QAAQ,CAACC,cAAc,CAAC,SAAS,CAAC,CAACsB,YAAY,CAAC,OAAO,CAAE,aAAa,CAAC,CAAClC,cAAA,GAAAI,CAAA,OACxE,OACJ,CAAC,KAAAJ,cAAA,GAAAgC,CAAA,UAED;AAAAhC,cAAA,GAAAI,CAAA,OACA,GAAIgC,MAAM,CAACC,MAAM,CAACR,QAAQ,CAAC,CAACS,IAAI,CAACR,KAAK,EAAI,CAAA9B,cAAA,GAAAG,CAAA,MAAAH,cAAA,GAAAI,CAAA,cAAA0B,KAAK,GAAK,EAAE,CAAD,CAAC,CAAC,CAAE,CAAA9B,cAAA,GAAAgC,CAAA,SAAAhC,cAAA,GAAAI,CAAA,OACrDO,QAAQ,CAACC,cAAc,CAAC,SAAS,CAAC,CAACY,SAAS,CAAG,0BAA0B,CAACxB,cAAA,GAAAI,CAAA,OAC1EO,QAAQ,CAACC,cAAc,CAAC,SAAS,CAAC,CAACsB,YAAY,CAAC,OAAO,CAAE,aAAa,CAAC,CAAClC,cAAA,GAAAI,CAAA,OACxE,OACJ,CAAC,KAAAJ,cAAA,GAAAgC,CAAA,UAED,GAAI,CAAAO,OAAO,EAAAvC,cAAA,GAAAI,CAAA,OAAG,GAAI,CAAAoC,cAAc,CAAC,CAAC,EAACxC,cAAA,GAAAI,CAAA,OACnCmC,OAAO,CAACE,IAAI,CAAC,MAAM,CAAE,+BAA+B,CAAE,IAAI,CAAC,CAACzC,cAAA,GAAAI,CAAA,OAC5DmC,OAAO,CAACG,gBAAgB,CAAC,cAAc,CAAE,kBAAkB,CAAC,CAAC1C,cAAA,GAAAI,CAAA,OAC7DmC,OAAO,CAACI,MAAM,CAAG,UAAY,CAAA3C,cAAA,GAAAG,CAAA,MACzB,GAAI,CAAAI,QAAQ,EAAAP,cAAA,GAAAI,CAAA,OAAGwC,IAAI,CAACC,KAAK,CAACN,OAAO,CAACO,YAAY,CAAC,EAAC9C,cAAA,GAAAI,CAAA,OAChDuB,OAAO,CAACoB,GAAG,CAACxC,QAAQ,CAAC,CAACP,cAAA,GAAAI,CAAA,OAEtB,GAAIG,QAAQ,CAACyC,OAAO,GAAKC,SAAS,CAAE,CAAAjD,cAAA,GAAAgC,CAAA,SAAAhC,cAAA,GAAAI,CAAA,OAChCO,QAAQ,CAACC,cAAc,CAAC,SAAS,CAAC,CAACY,SAAS,CAAG,aAAa,CAAGK,QAAQ,CAACX,OAAO,CAAG,GAAG,CAAClB,cAAA,GAAAI,CAAA,OACtFO,QAAQ,CAACC,cAAc,CAAC,SAAS,CAAC,CAACsB,YAAY,CAAC,OAAO,CAAE,cAAc,CAAC,CACxE;AAAAlC,cAAA,GAAAI,CAAA,OACAgC,MAAM,CAACc,IAAI,CAACrB,QAAQ,CAAC,CAACd,OAAO,CAACoC,GAAG,EAAI,CAAAnD,cAAA,GAAAG,CAAA,MAAAH,cAAA,GAAAI,CAAA,OACjCO,QAAQ,CAACC,cAAc,CAACuC,GAAG,CAAC,CAACrB,KAAK,CAAG,EAAE,CAC3C,CAAC,CAAC,CAAC9B,cAAA,GAAAI,CAAA,OACHF,aAAa,CAAC,CAAC,CACnB,CAAC,IAAK,CAAAF,cAAA,GAAAgC,CAAA,SAAAhC,cAAA,GAAAI,CAAA,OACFO,QAAQ,CAACC,cAAc,CAAC,SAAS,CAAC,CAACY,SAAS,CAAG,oBAAoB,CAACxB,cAAA,GAAAI,CAAA,OACpEO,QAAQ,CAACC,cAAc,CAAC,SAAS,CAAC,CAACsB,YAAY,CAAC,OAAO,CAAE,aAAa,CAAC,CAC3E,CACJ,CAAC,CAAClC,cAAA,GAAAI,CAAA,OAEFmC,OAAO,CAACa,IAAI,CAACR,IAAI,CAACS,SAAS,CAACxB,QAAQ,CAAC,CAAC,CAC1C"},"all":true},"C:\\Users\\Rache\\OneDrive\\Documents\\DVOPS_Projects\\final(3)\\JobFinders\\public\\instrumented\\js\\login.js":{"path":"C:\\Users\\Rache\\OneDrive\\Documents\\DVOPS_Projects\\final(3)\\JobFinders\\public\\instrumented\\js\\login.js","statementMap":{"0":{"start":{"line":1,"column":34},"end":{"line":1,"column":113}},"1":{"start":{"line":1,"column":123},"end":{"line":1,"column":165}},"2":{"start":{"line":1,"column":177},"end":{"line":1,"column":206}},"3":{"start":{"line":1,"column":215},"end":{"line":1,"column":229}},"4":{"start":{"line":1,"column":247},"end":{"line":1,"column":2483}},"5":{"start":{"line":1,"column":2497},"end":{"line":1,"column":2526}},"6":{"start":{"line":1,"column":2527},"end":{"line":1,"column":2604}},"7":{"start":{"line":1,"column":2575},"end":{"line":1,"column":2603}},"8":{"start":{"line":1,"column":2623},"end":{"line":1,"column":2637}},"9":{"start":{"line":2,"column":0},"end":{"line":2,"column":49}},"10":{"start":{"line":2,"column":25},"end":{"line":2,"column":47}},"11":{"start":{"line":2,"column":50},"end":{"line":2,"column":72}},"12":{"start":{"line":2,"column":73},"end":{"line":2,"column":89}},"13":{"start":{"line":2,"column":106},"end":{"line":2,"column":129}},"14":{"start":{"line":2,"column":143},"end":{"line":2,"column":168}},"15":{"start":{"line":2,"column":184},"end":{"line":2,"column":219}},"16":{"start":{"line":2,"column":221},"end":{"line":2,"column":244}},"17":{"start":{"line":2,"column":244},"end":{"line":2,"column":298}},"18":{"start":{"line":2,"column":298},"end":{"line":2,"column":321}},"19":{"start":{"line":2,"column":321},"end":{"line":2,"column":381}},"20":{"start":{"line":3,"column":0},"end":{"line":3,"column":23}},"21":{"start":{"line":3,"column":23},"end":{"line":3,"column":315}},"22":{"start":{"line":3,"column":125},"end":{"line":3,"column":151}},"23":{"start":{"line":3,"column":151},"end":{"line":3,"column":174}},"24":{"start":{"line":3,"column":174},"end":{"line":3,"column":252}},"25":{"start":{"line":3,"column":252},"end":{"line":3,"column":275}},"26":{"start":{"line":3,"column":275},"end":{"line":3,"column":282}},"27":{"start":{"line":3,"column":288},"end":{"line":3,"column":314}},"28":{"start":{"line":3,"column":328},"end":{"line":3,"column":371}},"29":{"start":{"line":3,"column":373},"end":{"line":3,"column":396}},"30":{"start":{"line":3,"column":396},"end":{"line":3,"column":431}},"31":{"start":{"line":3,"column":431},"end":{"line":3,"column":454}},"32":{"start":{"line":3,"column":454},"end":{"line":3,"column":514}},"33":{"start":{"line":3,"column":514},"end":{"line":3,"column":538}},"34":{"start":{"line":3,"column":538},"end":{"line":4,"column":129}},"35":{"start":{"line":3,"column":564},"end":{"line":3,"column":587}},"36":{"start":{"line":3,"column":587},"end":{"line":3,"column":611}},"37":{"start":{"line":3,"column":611},"end":{"line":3,"column":653}},"38":{"start":{"line":3,"column":653},"end":{"line":3,"column":677}},"39":{"start":{"line":3,"column":677},"end":{"line":3,"column":699}},"40":{"start":{"line":3,"column":699},"end":{"line":3,"column":723}},"41":{"start":{"line":3,"column":723},"end":{"line":4,"column":127}},"42":{"start":{"line":3,"column":765},"end":{"line":3,"column":791}},"43":{"start":{"line":3,"column":791},"end":{"line":3,"column":815}},"44":{"start":{"line":3,"column":815},"end":{"line":3,"column":862}},"45":{"start":{"line":3,"column":862},"end":{"line":3,"column":886}},"46":{"start":{"line":3,"column":886},"end":{"line":3,"column":919}},"47":{"start":{"line":4,"column":5},"end":{"line":4,"column":31}},"48":{"start":{"line":4,"column":31},"end":{"line":4,"column":55}},"49":{"start":{"line":4,"column":55},"end":{"line":4,"column":126}},"50":{"start":{"line":4,"column":129},"end":{"line":4,"column":153}},"51":{"start":{"line":4,"column":153},"end":{"line":4,"column":192}}},"fnMap":{"0":{"name":"cov_7slhbddir","decl":{"start":{"line":1,"column":9},"end":{"line":1,"column":22}},"loc":{"start":{"line":1,"column":24},"end":{"line":2,"column":73}},"line":1},"1":{"name":"(anonymous_1)","decl":{"start":{"line":2,"column":14},"end":{"line":2,"column":15}},"loc":{"start":{"line":2,"column":24},"end":{"line":2,"column":48}},"line":2},"2":{"name":"login","decl":{"start":{"line":2,"column":98},"end":{"line":2,"column":103}},"loc":{"start":{"line":2,"column":105},"end":{"line":4,"column":193}},"line":2},"3":{"name":"(anonymous_3)","decl":{"start":{"line":3,"column":553},"end":{"line":3,"column":554}},"loc":{"start":{"line":3,"column":563},"end":{"line":4,"column":128}},"line":3}},"branchMap":{"0":{"loc":{"start":{"line":1,"column":2497},"end":{"line":1,"column":2526}},"type":"binary-expr","locations":[{"start":{"line":1,"column":2497},"end":{"line":1,"column":2508}},{"start":{"line":1,"column":2511},"end":{"line":1,"column":2525}}],"line":1},"1":{"loc":{"start":{"line":1,"column":2527},"end":{"line":1,"column":2604}},"type":"if","locations":[{"start":{"line":1,"column":2527},"end":{"line":1,"column":2604}},{"start":{"line":1,"column":2527},"end":{"line":1,"column":2604}}],"line":1},"2":{"loc":{"start":{"line":1,"column":2530},"end":{"line":1,"column":2573}},"type":"binary-expr","locations":[{"start":{"line":1,"column":2530},"end":{"line":1,"column":2545}},{"start":{"line":1,"column":2547},"end":{"line":1,"column":2573}}],"line":1},"3":{"loc":{"start":{"line":3,"column":23},"end":{"line":3,"column":315}},"type":"if","locations":[{"start":{"line":3,"column":23},"end":{"line":3,"column":315}},{"start":{"line":3,"column":23},"end":{"line":3,"column":315}}],"line":3},"4":{"loc":{"start":{"line":3,"column":26},"end":{"line":3,"column":123}},"type":"binary-expr","locations":[{"start":{"line":3,"column":27},"end":{"line":3,"column":71}},{"start":{"line":3,"column":75},"end":{"line":3,"column":122}}],"line":3},"5":{"loc":{"start":{"line":3,"column":723},"end":{"line":4,"column":127}},"type":"if","locations":[{"start":{"line":3,"column":723},"end":{"line":4,"column":127}},{"start":{"line":3,"column":723},"end":{"line":4,"column":127}}],"line":3}},"s":{"0":0,"1":0,"2":0,"3":0,"4":0,"5":0,"6":0,"7":0,"8":0,"9":0,"10":0,"11":0,"12":0,"13":0,"14":0,"15":0,"16":0,"17":0,"18":0,"19":0,"20":0,"21":0,"22":0,"23":0,"24":0,"25":0,"26":0,"27":0,"28":0,"29":0,"30":0,"31":0,"32":0,"33":0,"34":0,"35":0,"36":0,"37":0,"38":0,"39":0,"40":0,"41":0,"42":0,"43":0,"44":0,"45":0,"46":0,"47":0,"48":0,"49":0,"50":0,"51":0},"f":{"0":0,"1":0,"2":0,"3":0},"b":{"0":[0,0],"1":[0,0],"2":[0,0],"3":[0,0],"4":[0,0],"5":[0,0]},"inputSourceMap":{"version":3,"names":["cov_7slhbddir","actualCoverage","login","f","response","s","jsonData","Object","email","document","getElementById","value","password","b","innerHTML","request","XMLHttpRequest","open","setRequestHeader","onload","JSON","parse","responseText","console","log","message","sessionStorage","setItem","window","location","href","send","stringify"],"sources":["login.js"],"sourcesContent":["function login() {\r\n    var response = \"\";\r\n    var jsonData = new Object();\r\n    jsonData.email = document.getElementById(\"email\").value;\r\n    jsonData.password = document.getElementById(\"password\").value;\r\n    // if user did not fill in inputs\r\n    if (jsonData.email == \"\" || jsonData.password == \"\") {\r\n    document.getElementById(\"error\").innerHTML = 'All input fields must be filled!';\r\n    return;\r\n    }\r\n    var request = new XMLHttpRequest();\r\n    request.open(\"POST\", \"/login\", true);\r\n    request.setRequestHeader('Content-Type', 'application/json');\r\n    request.onload = function() {\r\n    response = JSON.parse(request.responseText);\r\n    console.log(response)\r\n    if (response.message == \"Login successful!\") {\r\n    sessionStorage.setItem(\"email\", jsonData.email);\r\n    window.location.href = 'home.html';\r\n    } //if user fill all input wrongly\r\n    else {\r\n    document.getElementById(\"error\").innerHTML = 'Wrong Email and Password!';\r\n    }\r\n    };\r\n    request.send(JSON.stringify(jsonData));\r\n}\r\n"],"mappings":"+kFAeY;AAAAA,aAAA,SAAAA,CAAA,SAAAC,cAAA,WAAAA,cAAA,EAAAD,aAAA,GAfZ,QAAS,CAAAE,KAAKA,CAAA,CAAG,CAAAF,aAAA,GAAAG,CAAA,MACb,GAAI,CAAAC,QAAQ,EAAAJ,aAAA,GAAAK,CAAA,MAAG,EAAE,EACjB,GAAI,CAAAC,QAAQ,EAAAN,aAAA,GAAAK,CAAA,MAAG,GAAI,CAAAE,MAAM,CAAC,CAAC,EAACP,aAAA,GAAAK,CAAA,MAC5BC,QAAQ,CAACE,KAAK,CAAGC,QAAQ,CAACC,cAAc,CAAC,OAAO,CAAC,CAACC,KAAK,CAACX,aAAA,GAAAK,CAAA,MACxDC,QAAQ,CAACM,QAAQ,CAAGH,QAAQ,CAACC,cAAc,CAAC,UAAU,CAAC,CAACC,KAAK,CAC7D;AAAAX,aAAA,GAAAK,CAAA,MACA,GAAI,CAAAL,aAAA,GAAAa,CAAA,SAAAP,QAAQ,CAACE,KAAK,EAAI,EAAE,IAAAR,aAAA,GAAAa,CAAA,SAAIP,QAAQ,CAACM,QAAQ,EAAI,EAAE,EAAE,CAAAZ,aAAA,GAAAa,CAAA,SAAAb,aAAA,GAAAK,CAAA,MACrDI,QAAQ,CAACC,cAAc,CAAC,OAAO,CAAC,CAACI,SAAS,CAAG,kCAAkC,CAACd,aAAA,GAAAK,CAAA,MAChF,OACA,CAAC,KAAAL,aAAA,GAAAa,CAAA,UACD,GAAI,CAAAE,OAAO,EAAAf,aAAA,GAAAK,CAAA,MAAG,GAAI,CAAAW,cAAc,CAAC,CAAC,EAAChB,aAAA,GAAAK,CAAA,MACnCU,OAAO,CAACE,IAAI,CAAC,MAAM,CAAE,QAAQ,CAAE,IAAI,CAAC,CAACjB,aAAA,GAAAK,CAAA,MACrCU,OAAO,CAACG,gBAAgB,CAAC,cAAc,CAAE,kBAAkB,CAAC,CAAClB,aAAA,GAAAK,CAAA,OAC7DU,OAAO,CAACI,MAAM,CAAG,UAAW,CAAAnB,aAAA,GAAAG,CAAA,MAAAH,aAAA,GAAAK,CAAA,OAC5BD,QAAQ,CAAGgB,IAAI,CAACC,KAAK,CAACN,OAAO,CAACO,YAAY,CAAC,CAACtB,aAAA,GAAAK,CAAA,OAC5CkB,OAAO,CAACC,GAAG,CAACpB,QAAQ,CAAC,CAAAJ,aAAA,GAAAK,CAAA,OACrB,GAAID,QAAQ,CAACqB,OAAO,EAAI,mBAAmB,CAAE,CAAAzB,aAAA,GAAAa,CAAA,SAAAb,aAAA,GAAAK,CAAA,OAC7CqB,cAAc,CAACC,OAAO,CAAC,OAAO,CAAErB,QAAQ,CAACE,KAAK,CAAC,CAACR,aAAA,GAAAK,CAAA,OAChDuB,MAAM,CAACC,QAAQ,CAACC,IAAI,CAAG,WAAW,CAClC,CAAE;AAAA,IACG,CAAA9B,aAAA,GAAAa,CAAA,SAAAb,aAAA,GAAAK,CAAA,OACLI,QAAQ,CAACC,cAAc,CAAC,OAAO,CAAC,CAACI,SAAS,CAAG,2BAA2B,CACxE,CACA,CAAC,CAACd,aAAA,GAAAK,CAAA,OACFU,OAAO,CAACgB,IAAI,CAACX,IAAI,CAACY,SAAS,CAAC1B,QAAQ,CAAC,CAAC,CAC1C"},"all":true},"C:\\Users\\Rache\\OneDrive\\Documents\\DVOPS_Projects\\final(3)\\JobFinders\\public\\instrumented\\js\\register.js":{"path":"C:\\Users\\Rache\\OneDrive\\Documents\\DVOPS_Projects\\final(3)\\JobFinders\\public\\instrumented\\js\\register.js","statementMap":{"0":{"start":{"line":1,"column":34},"end":{"line":1,"column":116}},"1":{"start":{"line":1,"column":126},"end":{"line":1,"column":168}},"2":{"start":{"line":1,"column":180},"end":{"line":1,"column":209}},"3":{"start":{"line":1,"column":218},"end":{"line":1,"column":232}},"4":{"start":{"line":1,"column":250},"end":{"line":1,"column":6130}},"5":{"start":{"line":1,"column":6144},"end":{"line":1,"column":6173}},"6":{"start":{"line":1,"column":6174},"end":{"line":1,"column":6251}},"7":{"start":{"line":1,"column":6222},"end":{"line":1,"column":6250}},"8":{"start":{"line":1,"column":6270},"end":{"line":1,"column":6284}},"9":{"start":{"line":2,"column":0},"end":{"line":2,"column":49}},"10":{"start":{"line":2,"column":25},"end":{"line":2,"column":47}},"11":{"start":{"line":2,"column":50},"end":{"line":2,"column":72}},"12":{"start":{"line":2,"column":73},"end":{"line":2,"column":89}},"13":{"start":{"line":2,"column":89},"end":{"line":2,"column":112}},"14":{"start":{"line":2,"column":112},"end":{"line":2,"column":762}},"15":{"start":{"line":2,"column":168},"end":{"line":2,"column":191}},"16":{"start":{"line":2,"column":209},"end":{"line":2,"column":271}},"17":{"start":{"line":2,"column":273},"end":{"line":2,"column":296}},"18":{"start":{"line":2,"column":296},"end":{"line":2,"column":759}},"19":{"start":{"line":2,"column":313},"end":{"line":2,"column":339}},"20":{"start":{"line":2,"column":339},"end":{"line":2,"column":362}},"21":{"start":{"line":2,"column":362},"end":{"line":2,"column":439}},"22":{"start":{"line":2,"column":445},"end":{"line":2,"column":471}},"23":{"start":{"line":2,"column":496},"end":{"line":2,"column":551}},"24":{"start":{"line":2,"column":553},"end":{"line":2,"column":576}},"25":{"start":{"line":2,"column":576},"end":{"line":2,"column":758}},"26":{"start":{"line":2,"column":600},"end":{"line":2,"column":626}},"27":{"start":{"line":2,"column":626},"end":{"line":2,"column":649}},"28":{"start":{"line":2,"column":649},"end":{"line":2,"column":725}},"29":{"start":{"line":2,"column":731},"end":{"line":2,"column":757}},"30":{"start":{"line":2,"column":787},"end":{"line":2,"column":810}},"31":{"start":{"line":2,"column":810},"end":{"line":2,"column":833}},"32":{"start":{"line":2,"column":833},"end":{"line":2,"column":856}},"33":{"start":{"line":2,"column":872},"end":{"line":2,"column":964}},"34":{"start":{"line":2,"column":985},"end":{"line":2,"column":1078}},"35":{"start":{"line":2,"column":1094},"end":{"line":2,"column":1305}},"36":{"start":{"line":2,"column":1328},"end":{"line":2,"column":1400}},"37":{"start":{"line":2,"column":1420},"end":{"line":2,"column":1476}},"38":{"start":{"line":3,"column":0},"end":{"line":3,"column":24}},"39":{"start":{"line":3,"column":24},"end":{"line":3,"column":50}},"40":{"start":{"line":4,"column":0},"end":{"line":4,"column":24}},"41":{"start":{"line":4,"column":24},"end":{"line":4,"column":302}},"42":{"start":{"line":4,"column":142},"end":{"line":4,"column":168}},"43":{"start":{"line":4,"column":168},"end":{"line":4,"column":192}},"44":{"start":{"line":4,"column":192},"end":{"line":4,"column":238}},"45":{"start":{"line":4,"column":238},"end":{"line":4,"column":262}},"46":{"start":{"line":4,"column":262},"end":{"line":4,"column":269}},"47":{"start":{"line":4,"column":275},"end":{"line":4,"column":301}},"48":{"start":{"line":5,"column":0},"end":{"line":5,"column":24}},"49":{"start":{"line":5,"column":24},"end":{"line":5,"column":222}},"50":{"start":{"line":5,"column":61},"end":{"line":5,"column":87}},"51":{"start":{"line":5,"column":87},"end":{"line":5,"column":111}},"52":{"start":{"line":5,"column":111},"end":{"line":5,"column":158}},"53":{"start":{"line":5,"column":158},"end":{"line":5,"column":182}},"54":{"start":{"line":5,"column":182},"end":{"line":5,"column":189}},"55":{"start":{"line":5,"column":195},"end":{"line":5,"column":221}},"56":{"start":{"line":6,"column":0},"end":{"line":6,"column":24}},"57":{"start":{"line":6,"column":24},"end":{"line":6,"column":352}},"58":{"start":{"line":6,"column":67},"end":{"line":6,"column":93}},"59":{"start":{"line":6,"column":93},"end":{"line":6,"column":117}},"60":{"start":{"line":6,"column":117},"end":{"line":6,"column":288}},"61":{"start":{"line":6,"column":288},"end":{"line":6,"column":312}},"62":{"start":{"line":6,"column":312},"end":{"line":6,"column":319}},"63":{"start":{"line":6,"column":325},"end":{"line":6,"column":351}},"64":{"start":{"line":7,"column":0},"end":{"line":7,"column":24}},"65":{"start":{"line":7,"column":24},"end":{"line":7,"column":328}},"66":{"start":{"line":7,"column":145},"end":{"line":7,"column":171}},"67":{"start":{"line":7,"column":171},"end":{"line":7,"column":195}},"68":{"start":{"line":7,"column":195},"end":{"line":7,"column":264}},"69":{"start":{"line":7,"column":264},"end":{"line":7,"column":288}},"70":{"start":{"line":7,"column":288},"end":{"line":7,"column":295}},"71":{"start":{"line":7,"column":301},"end":{"line":7,"column":327}},"72":{"start":{"line":8,"column":0},"end":{"line":8,"column":24}},"73":{"start":{"line":8,"column":24},"end":{"line":8,"column":305}},"74":{"start":{"line":8,"column":143},"end":{"line":8,"column":169}},"75":{"start":{"line":8,"column":169},"end":{"line":8,"column":193}},"76":{"start":{"line":8,"column":193},"end":{"line":8,"column":241}},"77":{"start":{"line":8,"column":241},"end":{"line":8,"column":265}},"78":{"start":{"line":8,"column":265},"end":{"line":8,"column":272}},"79":{"start":{"line":8,"column":278},"end":{"line":8,"column":304}},"80":{"start":{"line":8,"column":305},"end":{"line":8,"column":329}},"81":{"start":{"line":8,"column":329},"end":{"line":8,"column":1293}},"82":{"start":{"line":8,"column":475},"end":{"line":8,"column":498}},"83":{"start":{"line":8,"column":498},"end":{"line":8,"column":522}},"84":{"start":{"line":8,"column":522},"end":{"line":8,"column":699}},"85":{"start":{"line":8,"column":539},"end":{"line":8,"column":566}},"86":{"start":{"line":8,"column":566},"end":{"line":8,"column":590}},"87":{"start":{"line":8,"column":590},"end":{"line":8,"column":665}},"88":{"start":{"line":8,"column":671},"end":{"line":8,"column":698}},"89":{"start":{"line":8,"column":699},"end":{"line":8,"column":723}},"90":{"start":{"line":8,"column":723},"end":{"line":8,"column":746}},"91":{"start":{"line":8,"column":761},"end":{"line":8,"column":784}},"92":{"start":{"line":8,"column":784},"end":{"line":8,"column":808}},"93":{"start":{"line":8,"column":808},"end":{"line":8,"column":826}},"94":{"start":{"line":8,"column":826},"end":{"line":8,"column":850}},"95":{"start":{"line":8,"column":850},"end":{"line":8,"column":1086}},"96":{"start":{"line":8,"column":879},"end":{"line":8,"column":906}},"97":{"start":{"line":8,"column":906},"end":{"line":8,"column":930}},"98":{"start":{"line":8,"column":930},"end":{"line":8,"column":964}},"99":{"start":{"line":8,"column":970},"end":{"line":8,"column":997}},"100":{"start":{"line":8,"column":997},"end":{"line":8,"column":1021}},"101":{"start":{"line":8,"column":1021},"end":{"line":8,"column":1085}},"102":{"start":{"line":8,"column":1103},"end":{"line":8,"column":1126}},"103":{"start":{"line":8,"column":1126},"end":{"line":8,"column":1150}},"104":{"start":{"line":8,"column":1150},"end":{"line":8,"column":1196}},"105":{"start":{"line":8,"column":1196},"end":{"line":8,"column":1220}},"106":{"start":{"line":8,"column":1220},"end":{"line":8,"column":1290}}},"fnMap":{"0":{"name":"cov_efyrhaf47","decl":{"start":{"line":1,"column":9},"end":{"line":1,"column":22}},"loc":{"start":{"line":1,"column":24},"end":{"line":2,"column":73}},"line":1},"1":{"name":"(anonymous_1)","decl":{"start":{"line":2,"column":14},"end":{"line":2,"column":15}},"loc":{"start":{"line":2,"column":24},"end":{"line":2,"column":48}},"line":2},"2":{"name":"(anonymous_2)","decl":{"start":{"line":2,"column":157},"end":{"line":2,"column":158}},"loc":{"start":{"line":2,"column":167},"end":{"line":2,"column":760}},"line":2},"3":{"name":"register","decl":{"start":{"line":2,"column":771},"end":{"line":2,"column":779}},"loc":{"start":{"line":2,"column":786},"end":{"line":8,"column":1294}},"line":2},"4":{"name":"(anonymous_4)","decl":{"start":{"line":8,"column":464},"end":{"line":8,"column":465}},"loc":{"start":{"line":8,"column":474},"end":{"line":8,"column":747}},"line":8},"5":{"name":"(anonymous_5)","decl":{"start":{"line":8,"column":754},"end":{"line":8,"column":755}},"loc":{"start":{"line":8,"column":760},"end":{"line":8,"column":1087}},"line":8},"6":{"name":"(anonymous_6)","decl":{"start":{"line":8,"column":1095},"end":{"line":8,"column":1096}},"loc":{"start":{"line":8,"column":1102},"end":{"line":8,"column":1291}},"line":8}},"branchMap":{"0":{"loc":{"start":{"line":1,"column":6144},"end":{"line":1,"column":6173}},"type":"binary-expr","locations":[{"start":{"line":1,"column":6144},"end":{"line":1,"column":6155}},{"start":{"line":1,"column":6158},"end":{"line":1,"column":6172}}],"line":1},"1":{"loc":{"start":{"line":1,"column":6174},"end":{"line":1,"column":6251}},"type":"if","locations":[{"start":{"line":1,"column":6174},"end":{"line":1,"column":6251}},{"start":{"line":1,"column":6174},"end":{"line":1,"column":6251}}],"line":1},"2":{"loc":{"start":{"line":1,"column":6177},"end":{"line":1,"column":6220}},"type":"binary-expr","locations":[{"start":{"line":1,"column":6177},"end":{"line":1,"column":6192}},{"start":{"line":1,"column":6194},"end":{"line":1,"column":6220}}],"line":1},"3":{"loc":{"start":{"line":2,"column":296},"end":{"line":2,"column":759}},"type":"if","locations":[{"start":{"line":2,"column":296},"end":{"line":2,"column":759}},{"start":{"line":2,"column":296},"end":{"line":2,"column":759}}],"line":2},"4":{"loc":{"start":{"line":2,"column":576},"end":{"line":2,"column":758}},"type":"if","locations":[{"start":{"line":2,"column":576},"end":{"line":2,"column":758}},{"start":{"line":2,"column":576},"end":{"line":2,"column":758}}],"line":2},"5":{"loc":{"start":{"line":4,"column":24},"end":{"line":4,"column":302}},"type":"if","locations":[{"start":{"line":4,"column":24},"end":{"line":4,"column":302}},{"start":{"line":4,"column":24},"end":{"line":4,"column":302}}],"line":4},"6":{"loc":{"start":{"line":4,"column":27},"end":{"line":4,"column":140}},"type":"binary-expr","locations":[{"start":{"line":4,"column":28},"end":{"line":4,"column":75}},{"start":{"line":4,"column":79},"end":{"line":4,"column":139}}],"line":4},"7":{"loc":{"start":{"line":5,"column":24},"end":{"line":5,"column":222}},"type":"if","locations":[{"start":{"line":5,"column":24},"end":{"line":5,"column":222}},{"start":{"line":5,"column":24},"end":{"line":5,"column":222}}],"line":5},"8":{"loc":{"start":{"line":6,"column":24},"end":{"line":6,"column":352}},"type":"if","locations":[{"start":{"line":6,"column":24},"end":{"line":6,"column":352}},{"start":{"line":6,"column":24},"end":{"line":6,"column":352}}],"line":6},"9":{"loc":{"start":{"line":7,"column":24},"end":{"line":7,"column":328}},"type":"if","locations":[{"start":{"line":7,"column":24},"end":{"line":7,"column":328}},{"start":{"line":7,"column":24},"end":{"line":7,"column":328}}],"line":7},"10":{"loc":{"start":{"line":7,"column":27},"end":{"line":7,"column":143}},"type":"binary-expr","locations":[{"start":{"line":7,"column":28},"end":{"line":7,"column":77}},{"start":{"line":7,"column":81},"end":{"line":7,"column":142}}],"line":7},"11":{"loc":{"start":{"line":8,"column":24},"end":{"line":8,"column":305}},"type":"if","locations":[{"start":{"line":8,"column":24},"end":{"line":8,"column":305}},{"start":{"line":8,"column":24},"end":{"line":8,"column":305}}],"line":8},"12":{"loc":{"start":{"line":8,"column":27},"end":{"line":8,"column":141}},"type":"binary-expr","locations":[{"start":{"line":8,"column":28},"end":{"line":8,"column":77}},{"start":{"line":8,"column":81},"end":{"line":8,"column":140}}],"line":8},"13":{"loc":{"start":{"line":8,"column":522},"end":{"line":8,"column":699}},"type":"if","locations":[{"start":{"line":8,"column":522},"end":{"line":8,"column":699}},{"start":{"line":8,"column":522},"end":{"line":8,"column":699}}],"line":8},"14":{"loc":{"start":{"line":8,"column":850},"end":{"line":8,"column":1086}},"type":"if","locations":[{"start":{"line":8,"column":850},"end":{"line":8,"column":1086}},{"start":{"line":8,"column":850},"end":{"line":8,"column":1086}}],"line":8}},"s":{"0":0,"1":0,"2":0,"3":0,"4":0,"5":0,"6":0,"7":0,"8":0,"9":0,"10":0,"11":0,"12":0,"13":0,"14":0,"15":0,"16":0,"17":0,"18":0,"19":0,"20":0,"21":0,"22":0,"23":0,"24":0,"25":0,"26":0,"27":0,"28":0,"29":0,"30":0,"31":0,"32":0,"33":0,"34":0,"35":0,"36":0,"37":0,"38":0,"39":0,"40":0,"41":0,"42":0,"43":0,"44":0,"45":0,"46":0,"47":0,"48":0,"49":0,"50":0,"51":0,"52":0,"53":0,"54":0,"55":0,"56":0,"57":0,"58":0,"59":0,"60":0,"61":0,"62":0,"63":0,"64":0,"65":0,"66":0,"67":0,"68":0,"69":0,"70":0,"71":0,"72":0,"73":0,"74":0,"75":0,"76":0,"77":0,"78":0,"79":0,"80":0,"81":0,"82":0,"83":0,"84":0,"85":0,"86":0,"87":0,"88":0,"89":0,"90":0,"91":0,"92":0,"93":0,"94":0,"95":0,"96":0,"97":0,"98":0,"99":0,"100":0,"101":0,"102":0,"103":0,"104":0,"105":0,"106":0},"f":{"0":0,"1":0,"2":0,"3":0,"4":0,"5":0,"6":0},"b":{"0":[0,0],"1":[0,0],"2":[0,0],"3":[0,0],"4":[0,0],"5":[0,0],"6":[0,0],"7":[0,0],"8":[0,0],"9":[0,0],"10":[0,0],"11":[0,0],"12":[0,0],"13":[0,0],"14":[0,0]},"inputSourceMap":{"version":3,"names":["cov_efyrhaf47","actualCoverage","s","document","addEventListener","f","registerForm","getElementById","b","register","errorMessageElement","innerHTML","event","preventDefault","emailRegex","passwordRegex","jsonData","name","value","email","password","mobile","confirmPassword","errorElement","trim","test","fetch","method","headers","body","JSON","stringify","then","response","ok","Error","status","statusText","json","data","console","log","message","undefined","window","location","href","catch","error"],"sources":["register.js"],"sourcesContent":["document.addEventListener(\"DOMContentLoaded\", function () {\r\n    var registerForm = document.getElementById(\"registerForm\");\r\n\r\n    if (registerForm) {\r\n        document.getElementById(\"registerButton\").addEventListener(\"click\", register);\r\n    } else {\r\n        var errorMessageElement = document.getElementById(\"error\");\r\n        if (errorMessageElement) {\r\n            errorMessageElement.innerHTML = 'Form not available. Please try again later.';\r\n        }\r\n    }\r\n});\r\n\r\nfunction register(event) {\r\n    event.preventDefault();\r\n\r\n    var emailRegex = /^[\\w-]+(\\.[\\w-]+)*@[a-zA-Z0-9-]+(\\.[a-zA-Z0-9-]+)*(\\.[a-zA-Z]{2,})$/;\r\n    var passwordRegex = /^(?=.*[a-z])(?=.*[A-Z])(?=.*\\d)(?=.*[@$!%*?&])[A-Za-z\\d@$!%*?&]{8,}$/;\r\n\r\n    var jsonData = {\r\n        name: document.getElementById(\"name\").value,\r\n        email: document.getElementById(\"email\").value,\r\n        password: document.getElementById(\"password\").value,\r\n        mobile: document.getElementById(\"mobile\").value,\r\n    };\r\n\r\n    var confirmPassword = document.getElementById(\"confirmPassword\").value;\r\n\r\n    var errorElement = document.getElementById(\"error\");\r\n\r\n    // Clear previous errors\r\n    errorElement.innerHTML = '';\r\n\r\n    // Name validation\r\n    if (!jsonData.name.trim() || !/^[a-zA-Z]+$/.test(jsonData.name)) {\r\n        errorElement.innerHTML = 'Invalid name format!';\r\n        return;\r\n    }\r\n\r\n    // Email validation\r\n    if (!emailRegex.test(jsonData.email)) {\r\n        errorElement.innerHTML = 'Invalid email format!';\r\n        return;\r\n    }\r\n\r\n    // Password validation\r\n    if (!passwordRegex.test(jsonData.password)) {\r\n        errorElement.innerHTML = 'Password must include at least one uppercase letter, one lowercase letter, one numeral, one special character, and be at least 8 characters long!';\r\n        return;\r\n    }\r\n\r\n    // Confirm password validation\r\n    if (!confirmPassword.trim() || jsonData.password !== confirmPassword) {\r\n        errorElement.innerHTML = 'Password and Confirm Password do not match!';\r\n        return;\r\n    }\r\n\r\n    // Mobile validation\r\n    if (!jsonData.mobile.trim() || !/^\\d{8,}$/.test(jsonData.mobile)) {\r\n        errorElement.innerHTML = 'Invalid Mobile Number!';\r\n        return;\r\n    }\r\n\r\n    fetch('http://localhost:5055/register', {\r\n        method: \"POST\",\r\n        headers: {\r\n            'Content-Type': 'application/json',\r\n        },\r\n        body: JSON.stringify(jsonData),\r\n    })\r\n        .then(response => {\r\n            if (!response.ok) {\r\n                throw new Error(`Server error: ${response.status} ${response.statusText}`);\r\n            }\r\n            return response.json();\r\n        })\r\n        .then(data => {\r\n            console.log(data);\r\n            if (data.message === undefined) {\r\n                window.location.href = 'index.html';\r\n            } else {\r\n                errorElement.innerHTML = `Authentication failed: ${data.message}`;\r\n            }\r\n        })\r\n        .catch(error => {\r\n            console.error('Network error occurred', error);\r\n            errorElement.innerHTML = 'Network error. Please check your connection.';\r\n        });\r\n}\r\n"],"mappings":"8oMAeY;AAAAA,aAAA,SAAAA,CAAA,SAAAC,cAAA,WAAAA,cAAA,EAAAD,aAAA,GAAAA,aAAA,GAAAE,CAAA,MAfZC,QAAQ,CAACC,gBAAgB,CAAC,kBAAkB,CAAE,UAAY,CAAAJ,aAAA,GAAAK,CAAA,MACtD,GAAI,CAAAC,YAAY,EAAAN,aAAA,GAAAE,CAAA,MAAGC,QAAQ,CAACI,cAAc,CAAC,cAAc,CAAC,EAACP,aAAA,GAAAE,CAAA,MAE3D,GAAII,YAAY,CAAE,CAAAN,aAAA,GAAAQ,CAAA,SAAAR,aAAA,GAAAE,CAAA,MACdC,QAAQ,CAACI,cAAc,CAAC,gBAAgB,CAAC,CAACH,gBAAgB,CAAC,OAAO,CAAEK,QAAQ,CAAC,CACjF,CAAC,IAAM,CAAAT,aAAA,GAAAQ,CAAA,SACH,GAAI,CAAAE,mBAAmB,EAAAV,aAAA,GAAAE,CAAA,MAAGC,QAAQ,CAACI,cAAc,CAAC,OAAO,CAAC,EAACP,aAAA,GAAAE,CAAA,MAC3D,GAAIQ,mBAAmB,CAAE,CAAAV,aAAA,GAAAQ,CAAA,SAAAR,aAAA,GAAAE,CAAA,MACrBQ,mBAAmB,CAACC,SAAS,CAAG,6CAA6C,CACjF,CAAC,KAAAX,aAAA,GAAAQ,CAAA,UACL,CACJ,CAAC,CAAC,CAEF,QAAS,CAAAC,QAAQA,CAACG,KAAK,CAAE,CAAAZ,aAAA,GAAAK,CAAA,MAAAL,aAAA,GAAAE,CAAA,MACrBU,KAAK,CAACC,cAAc,CAAC,CAAC,CAEtB,GAAI,CAAAC,UAAU,EAAAd,aAAA,GAAAE,CAAA,MAAG,qEAAqE,EACtF,GAAI,CAAAa,aAAa,EAAAf,aAAA,GAAAE,CAAA,MAAG,sEAAsE,EAE1F,GAAI,CAAAc,QAAQ,EAAAhB,aAAA,GAAAE,CAAA,OAAG,CACXe,IAAI,CAAEd,QAAQ,CAACI,cAAc,CAAC,MAAM,CAAC,CAACW,KAAK,CAC3CC,KAAK,CAAEhB,QAAQ,CAACI,cAAc,CAAC,OAAO,CAAC,CAACW,KAAK,CAC7CE,QAAQ,CAAEjB,QAAQ,CAACI,cAAc,CAAC,UAAU,CAAC,CAACW,KAAK,CACnDG,MAAM,CAAElB,QAAQ,CAACI,cAAc,CAAC,QAAQ,CAAC,CAACW,KAC9C,CAAC,EAED,GAAI,CAAAI,eAAe,EAAAtB,aAAA,GAAAE,CAAA,OAAGC,QAAQ,CAACI,cAAc,CAAC,iBAAiB,CAAC,CAACW,KAAK,EAEtE,GAAI,CAAAK,YAAY,EAAAvB,aAAA,GAAAE,CAAA,OAAGC,QAAQ,CAACI,cAAc,CAAC,OAAO,CAAC,EAEnD;AAAAP,aAAA,GAAAE,CAAA,OACAqB,YAAY,CAACZ,SAAS,CAAG,EAAE,CAE3B;AAAAX,aAAA,GAAAE,CAAA,OACA,GAAI,CAAAF,aAAA,GAAAQ,CAAA,UAACQ,QAAQ,CAACC,IAAI,CAACO,IAAI,CAAC,CAAC,IAAAxB,aAAA,GAAAQ,CAAA,SAAI,CAAC,aAAa,CAACiB,IAAI,CAACT,QAAQ,CAACC,IAAI,CAAC,EAAE,CAAAjB,aAAA,GAAAQ,CAAA,SAAAR,aAAA,GAAAE,CAAA,OAC7DqB,YAAY,CAACZ,SAAS,CAAG,sBAAsB,CAACX,aAAA,GAAAE,CAAA,OAChD,OACJ,CAAC,KAAAF,aAAA,GAAAQ,CAAA,UAED;AAAAR,aAAA,GAAAE,CAAA,OACA,GAAI,CAACY,UAAU,CAACW,IAAI,CAACT,QAAQ,CAACG,KAAK,CAAC,CAAE,CAAAnB,aAAA,GAAAQ,CAAA,SAAAR,aAAA,GAAAE,CAAA,OAClCqB,YAAY,CAACZ,SAAS,CAAG,uBAAuB,CAACX,aAAA,GAAAE,CAAA,OACjD,OACJ,CAAC,KAAAF,aAAA,GAAAQ,CAAA,UAED;AAAAR,aAAA,GAAAE,CAAA,OACA,GAAI,CAACa,aAAa,CAACU,IAAI,CAACT,QAAQ,CAACI,QAAQ,CAAC,CAAE,CAAApB,aAAA,GAAAQ,CAAA,SAAAR,aAAA,GAAAE,CAAA,OACxCqB,YAAY,CAACZ,SAAS,CAAG,mJAAmJ,CAACX,aAAA,GAAAE,CAAA,OAC7K,OACJ,CAAC,KAAAF,aAAA,GAAAQ,CAAA,UAED;AAAAR,aAAA,GAAAE,CAAA,OACA,GAAI,CAAAF,aAAA,GAAAQ,CAAA,UAACc,eAAe,CAACE,IAAI,CAAC,CAAC,IAAAxB,aAAA,GAAAQ,CAAA,SAAIQ,QAAQ,CAACI,QAAQ,GAAKE,eAAe,EAAE,CAAAtB,aAAA,GAAAQ,CAAA,SAAAR,aAAA,GAAAE,CAAA,OAClEqB,YAAY,CAACZ,SAAS,CAAG,6CAA6C,CAACX,aAAA,GAAAE,CAAA,OACvE,OACJ,CAAC,KAAAF,aAAA,GAAAQ,CAAA,UAED;AAAAR,aAAA,GAAAE,CAAA,OACA,GAAI,CAAAF,aAAA,GAAAQ,CAAA,UAACQ,QAAQ,CAACK,MAAM,CAACG,IAAI,CAAC,CAAC,IAAAxB,aAAA,GAAAQ,CAAA,SAAI,CAAC,UAAU,CAACiB,IAAI,CAACT,QAAQ,CAACK,MAAM,CAAC,EAAE,CAAArB,aAAA,GAAAQ,CAAA,SAAAR,aAAA,GAAAE,CAAA,OAC9DqB,YAAY,CAACZ,SAAS,CAAG,wBAAwB,CAACX,aAAA,GAAAE,CAAA,OAClD,OACJ,CAAC,KAAAF,aAAA,GAAAQ,CAAA,UAAAR,aAAA,GAAAE,CAAA,OAEDwB,KAAK,CAAC,gCAAgC,CAAE,CACpCC,MAAM,CAAE,MAAM,CACdC,OAAO,CAAE,CACL,cAAc,CAAE,kBACpB,CAAC,CACDC,IAAI,CAAEC,IAAI,CAACC,SAAS,CAACf,QAAQ,CACjC,CAAC,CAAC,CACGgB,IAAI,CAACC,QAAQ,EAAI,CAAAjC,aAAA,GAAAK,CAAA,MAAAL,aAAA,GAAAE,CAAA,OACd,GAAI,CAAC+B,QAAQ,CAACC,EAAE,CAAE,CAAAlC,aAAA,GAAAQ,CAAA,UAAAR,aAAA,GAAAE,CAAA,OACd,KAAM,IAAI,CAAAiC,KAAK,CAAE,iBAAgBF,QAAQ,CAACG,MAAO,IAAGH,QAAQ,CAACI,UAAW,EAAC,CAAC,CAC9E,CAAC,KAAArC,aAAA,GAAAQ,CAAA,WAAAR,aAAA,GAAAE,CAAA,OACD,MAAO,CAAA+B,QAAQ,CAACK,IAAI,CAAC,CAAC,CAC1B,CAAC,CAAC,CACDN,IAAI,CAACO,IAAI,EAAI,CAAAvC,aAAA,GAAAK,CAAA,MAAAL,aAAA,GAAAE,CAAA,OACVsC,OAAO,CAACC,GAAG,CAACF,IAAI,CAAC,CAACvC,aAAA,GAAAE,CAAA,OAClB,GAAIqC,IAAI,CAACG,OAAO,GAAKC,SAAS,CAAE,CAAA3C,aAAA,GAAAQ,CAAA,UAAAR,aAAA,GAAAE,CAAA,OAC5B0C,MAAM,CAACC,QAAQ,CAACC,IAAI,CAAG,YAAY,CACvC,CAAC,IAAM,CAAA9C,aAAA,GAAAQ,CAAA,UAAAR,aAAA,GAAAE,CAAA,OACHqB,YAAY,CAACZ,SAAS,CAAI,0BAAyB4B,IAAI,CAACG,OAAQ,EAAC,CACrE,CACJ,CAAC,CAAC,CACDK,KAAK,CAACC,KAAK,EAAI,CAAAhD,aAAA,GAAAK,CAAA,MAAAL,aAAA,GAAAE,CAAA,OACZsC,OAAO,CAACQ,KAAK,CAAC,wBAAwB,CAAEA,KAAK,CAAC,CAAChD,aAAA,GAAAE,CAAA,OAC/CqB,YAAY,CAACZ,SAAS,CAAG,8CAA8C,CAC3E,CAAC,CAAC,CACV"},"all":true},"C:\\Users\\Rache\\OneDrive\\Documents\\DVOPS_Projects\\final(3)\\JobFinders\\public\\instrumented\\js\\search.js":{"path":"C:\\Users\\Rache\\OneDrive\\Documents\\DVOPS_Projects\\final(3)\\JobFinders\\public\\instrumented\\js\\search.js","statementMap":{"0":{"start":{"line":1,"column":34},"end":{"line":1,"column":114}},"1":{"start":{"line":1,"column":124},"end":{"line":1,"column":166}},"2":{"start":{"line":1,"column":178},"end":{"line":1,"column":207}},"3":{"start":{"line":1,"column":216},"end":{"line":1,"column":230}},"4":{"start":{"line":1,"column":248},"end":{"line":1,"column":5259}},"5":{"start":{"line":1,"column":5273},"end":{"line":1,"column":5302}},"6":{"start":{"line":1,"column":5303},"end":{"line":1,"column":5380}},"7":{"start":{"line":1,"column":5351},"end":{"line":1,"column":5379}},"8":{"start":{"line":1,"column":5399},"end":{"line":1,"column":5413}},"9":{"start":{"line":2,"column":0},"end":{"line":2,"column":49}},"10":{"start":{"line":2,"column":25},"end":{"line":2,"column":47}},"11":{"start":{"line":2,"column":50},"end":{"line":2,"column":72}},"12":{"start":{"line":2,"column":73},"end":{"line":2,"column":89}},"13":{"start":{"line":2,"column":89},"end":{"line":2,"column":112}},"14":{"start":{"line":2,"column":112},"end":{"line":2,"column":515}},"15":{"start":{"line":2,"column":168},"end":{"line":2,"column":191}},"16":{"start":{"line":2,"column":207},"end":{"line":2,"column":267}},"17":{"start":{"line":2,"column":269},"end":{"line":2,"column":292}},"18":{"start":{"line":2,"column":292},"end":{"line":2,"column":512}},"19":{"start":{"line":2,"column":307},"end":{"line":2,"column":333}},"20":{"start":{"line":2,"column":333},"end":{"line":2,"column":356}},"21":{"start":{"line":2,"column":356},"end":{"line":2,"column":408}},"22":{"start":{"line":2,"column":414},"end":{"line":2,"column":440}},"23":{"start":{"line":2,"column":440},"end":{"line":2,"column":463}},"24":{"start":{"line":2,"column":463},"end":{"line":2,"column":511}},"25":{"start":{"line":2,"column":545},"end":{"line":2,"column":568}},"26":{"start":{"line":2,"column":568},"end":{"line":2,"column":591}},"27":{"start":{"line":2,"column":591},"end":{"line":2,"column":614}},"28":{"start":{"line":2,"column":625},"end":{"line":2,"column":686}},"29":{"start":{"line":3,"column":0},"end":{"line":3,"column":23}},"30":{"start":{"line":3,"column":23},"end":{"line":8,"column":3}},"31":{"start":{"line":3,"column":173},"end":{"line":3,"column":196}},"32":{"start":{"line":3,"column":196},"end":{"line":3,"column":219}},"33":{"start":{"line":3,"column":219},"end":{"line":3,"column":393}},"34":{"start":{"line":3,"column":236},"end":{"line":3,"column":262}},"35":{"start":{"line":3,"column":262},"end":{"line":3,"column":285}},"36":{"start":{"line":3,"column":285},"end":{"line":3,"column":360}},"37":{"start":{"line":3,"column":366},"end":{"line":3,"column":392}},"38":{"start":{"line":3,"column":412},"end":{"line":3,"column":472}},"39":{"start":{"line":3,"column":474},"end":{"line":3,"column":498}},"40":{"start":{"line":3,"column":498},"end":{"line":4,"column":109}},"41":{"start":{"line":3,"column":612},"end":{"line":3,"column":638}},"42":{"start":{"line":3,"column":638},"end":{"line":3,"column":662}},"43":{"start":{"line":3,"column":662},"end":{"line":3,"column":685}},"44":{"start":{"line":4,"column":6},"end":{"line":4,"column":32}},"45":{"start":{"line":4,"column":32},"end":{"line":4,"column":56}},"46":{"start":{"line":4,"column":56},"end":{"line":4,"column":108}},"47":{"start":{"line":4,"column":124},"end":{"line":4,"column":147}},"48":{"start":{"line":4,"column":147},"end":{"line":4,"column":171}},"49":{"start":{"line":5,"column":0},"end":{"line":7,"column":20}},"50":{"start":{"line":5,"column":18},"end":{"line":5,"column":44}},"51":{"start":{"line":5,"column":44},"end":{"line":5,"column":68}},"52":{"start":{"line":6,"column":0},"end":{"line":6,"column":27}},"53":{"start":{"line":6,"column":33},"end":{"line":6,"column":59}},"54":{"start":{"line":6,"column":59},"end":{"line":6,"column":83}},"55":{"start":{"line":7,"column":0},"end":{"line":7,"column":19}},"56":{"start":{"line":7,"column":37},"end":{"line":7,"column":60}},"57":{"start":{"line":7,"column":60},"end":{"line":7,"column":84}},"58":{"start":{"line":7,"column":84},"end":{"line":7,"column":130}},"59":{"start":{"line":8,"column":32},"end":{"line":8,"column":55}},"60":{"start":{"line":8,"column":83},"end":{"line":8,"column":147}},"61":{"start":{"line":9,"column":0},"end":{"line":9,"column":24}},"62":{"start":{"line":9,"column":24},"end":{"line":9,"column":60}},"63":{"start":{"line":10,"column":24},"end":{"line":10,"column":75}},"64":{"start":{"line":10,"column":77},"end":{"line":10,"column":101}},"65":{"start":{"line":10,"column":101},"end":{"line":10,"column":156}},"66":{"start":{"line":10,"column":156},"end":{"line":10,"column":180}},"67":{"start":{"line":10,"column":180},"end":{"line":10,"column":235}},"68":{"start":{"line":11,"column":45},"end":{"line":11,"column":68}},"69":{"start":{"line":11,"column":68},"end":{"line":11,"column":92}},"70":{"start":{"line":12,"column":0},"end":{"line":17,"column":60}},"71":{"start":{"line":12,"column":96},"end":{"line":12,"column":122}},"72":{"start":{"line":13,"column":17},"end":{"line":13,"column":43}},"73":{"start":{"line":13,"column":45},"end":{"line":13,"column":69}},"74":{"start":{"line":13,"column":69},"end":{"line":15,"column":45}},"75":{"start":{"line":13,"column":80},"end":{"line":13,"column":105}},"76":{"start":{"line":13,"column":135},"end":{"line":13,"column":159}},"77":{"start":{"line":14,"column":0},"end":{"line":14,"column":77}},"78":{"start":{"line":14,"column":77},"end":{"line":14,"column":101}},"79":{"start":{"line":14,"column":101},"end":{"line":14,"column":177}},"80":{"start":{"line":14,"column":177},"end":{"line":14,"column":201}},"81":{"start":{"line":14,"column":201},"end":{"line":14,"column":279}},"82":{"start":{"line":14,"column":279},"end":{"line":14,"column":303}},"83":{"start":{"line":14,"column":303},"end":{"line":14,"column":387}},"84":{"start":{"line":14,"column":387},"end":{"line":14,"column":411}},"85":{"start":{"line":14,"column":411},"end":{"line":14,"column":487}},"86":{"start":{"line":15,"column":0},"end":{"line":15,"column":24}},"87":{"start":{"line":15,"column":24},"end":{"line":15,"column":44}},"88":{"start":{"line":16,"column":0},"end":{"line":16,"column":24}},"89":{"start":{"line":16,"column":24},"end":{"line":16,"column":69}},"90":{"start":{"line":16,"column":69},"end":{"line":16,"column":93}},"91":{"start":{"line":16,"column":93},"end":{"line":16,"column":166}},"92":{"start":{"line":16,"column":172},"end":{"line":16,"column":198}},"93":{"start":{"line":16,"column":198},"end":{"line":16,"column":222}},"94":{"start":{"line":17,"column":0},"end":{"line":17,"column":59}}},"fnMap":{"0":{"name":"cov_smj8zwdr3","decl":{"start":{"line":1,"column":9},"end":{"line":1,"column":22}},"loc":{"start":{"line":1,"column":24},"end":{"line":2,"column":73}},"line":1},"1":{"name":"(anonymous_1)","decl":{"start":{"line":2,"column":14},"end":{"line":2,"column":15}},"loc":{"start":{"line":2,"column":24},"end":{"line":2,"column":48}},"line":2},"2":{"name":"(anonymous_2)","decl":{"start":{"line":2,"column":157},"end":{"line":2,"column":158}},"loc":{"start":{"line":2,"column":167},"end":{"line":2,"column":513}},"line":2},"3":{"name":"performSearch","decl":{"start":{"line":2,"column":524},"end":{"line":2,"column":537}},"loc":{"start":{"line":2,"column":544},"end":{"line":8,"column":4}},"line":2},"4":{"name":"(anonymous_4)","decl":{"start":{"line":3,"column":162},"end":{"line":3,"column":163}},"loc":{"start":{"line":3,"column":172},"end":{"line":4,"column":110}},"line":3},"5":{"name":"(anonymous_5)","decl":{"start":{"line":4,"column":117},"end":{"line":4,"column":118}},"loc":{"start":{"line":4,"column":123},"end":{"line":7,"column":21}},"line":4},"6":{"name":"(anonymous_6)","decl":{"start":{"line":7,"column":29},"end":{"line":7,"column":30}},"loc":{"start":{"line":7,"column":36},"end":{"line":8,"column":1}},"line":7},"7":{"name":"displayNoResults","decl":{"start":{"line":8,"column":13},"end":{"line":8,"column":29}},"loc":{"start":{"line":8,"column":31},"end":{"line":10,"column":236}},"line":8},"8":{"name":"displaySearchResults","decl":{"start":{"line":11,"column":9},"end":{"line":11,"column":29}},"loc":{"start":{"line":11,"column":44},"end":{"line":17,"column":61}},"line":11}},"branchMap":{"0":{"loc":{"start":{"line":1,"column":5273},"end":{"line":1,"column":5302}},"type":"binary-expr","locations":[{"start":{"line":1,"column":5273},"end":{"line":1,"column":5284}},{"start":{"line":1,"column":5287},"end":{"line":1,"column":5301}}],"line":1},"1":{"loc":{"start":{"line":1,"column":5303},"end":{"line":1,"column":5380}},"type":"if","locations":[{"start":{"line":1,"column":5303},"end":{"line":1,"column":5380}},{"start":{"line":1,"column":5303},"end":{"line":1,"column":5380}}],"line":1},"2":{"loc":{"start":{"line":1,"column":5306},"end":{"line":1,"column":5349}},"type":"binary-expr","locations":[{"start":{"line":1,"column":5306},"end":{"line":1,"column":5321}},{"start":{"line":1,"column":5323},"end":{"line":1,"column":5349}}],"line":1},"3":{"loc":{"start":{"line":2,"column":292},"end":{"line":2,"column":512}},"type":"if","locations":[{"start":{"line":2,"column":292},"end":{"line":2,"column":512}},{"start":{"line":2,"column":292},"end":{"line":2,"column":512}}],"line":2},"4":{"loc":{"start":{"line":3,"column":219},"end":{"line":3,"column":393}},"type":"if","locations":[{"start":{"line":3,"column":219},"end":{"line":3,"column":393}},{"start":{"line":3,"column":219},"end":{"line":3,"column":393}}],"line":3},"5":{"loc":{"start":{"line":3,"column":498},"end":{"line":4,"column":109}},"type":"if","locations":[{"start":{"line":3,"column":498},"end":{"line":4,"column":109}},{"start":{"line":3,"column":498},"end":{"line":4,"column":109}}],"line":3},"6":{"loc":{"start":{"line":3,"column":501},"end":{"line":3,"column":610}},"type":"binary-expr","locations":[{"start":{"line":3,"column":502},"end":{"line":3,"column":539}},{"start":{"line":3,"column":543},"end":{"line":3,"column":609}}],"line":3},"7":{"loc":{"start":{"line":5,"column":0},"end":{"line":7,"column":20}},"type":"if","locations":[{"start":{"line":5,"column":0},"end":{"line":7,"column":20}},{"start":{"line":5,"column":0},"end":{"line":7,"column":20}}],"line":5},"8":{"loc":{"start":{"line":12,"column":0},"end":{"line":17,"column":60}},"type":"if","locations":[{"start":{"line":12,"column":0},"end":{"line":17,"column":60}},{"start":{"line":12,"column":0},"end":{"line":17,"column":60}}],"line":12},"9":{"loc":{"start":{"line":12,"column":3},"end":{"line":12,"column":94}},"type":"binary-expr","locations":[{"start":{"line":12,"column":4},"end":{"line":12,"column":43}},{"start":{"line":12,"column":47},"end":{"line":12,"column":93}}],"line":12}},"s":{"0":0,"1":0,"2":0,"3":0,"4":0,"5":0,"6":0,"7":0,"8":0,"9":0,"10":0,"11":0,"12":0,"13":0,"14":0,"15":0,"16":0,"17":0,"18":0,"19":0,"20":0,"21":0,"22":0,"23":0,"24":0,"25":0,"26":0,"27":0,"28":0,"29":0,"30":0,"31":0,"32":0,"33":0,"34":0,"35":0,"36":0,"37":0,"38":0,"39":0,"40":0,"41":0,"42":0,"43":0,"44":0,"45":0,"46":0,"47":0,"48":0,"49":0,"50":0,"51":0,"52":0,"53":0,"54":0,"55":0,"56":0,"57":0,"58":0,"59":0,"60":0,"61":0,"62":0,"63":0,"64":0,"65":0,"66":0,"67":0,"68":0,"69":0,"70":0,"71":0,"72":0,"73":0,"74":0,"75":0,"76":0,"77":0,"78":0,"79":0,"80":0,"81":0,"82":0,"83":0,"84":0,"85":0,"86":0,"87":0,"88":0,"89":0,"90":0,"91":0,"92":0,"93":0,"94":0},"f":{"0":0,"1":0,"2":0,"3":0,"4":0,"5":0,"6":0,"7":0,"8":0},"b":{"0":[0,0],"1":[0,0],"2":[0,0],"3":[0,0],"4":[0,0],"5":[0,0],"6":[0,0],"7":[0,0],"8":[0,0],"9":[0,0]},"inputSourceMap":{"version":3,"names":["cov_smj8zwdr3","actualCoverage","s","document","addEventListener","f","searchForm","getElementById","b","performSearch","console","error","event","preventDefault","query","value","fetch","method","headers","body","JSON","stringify","q","then","response","ok","Error","status","statusText","contentType","get","includes","json","data","length","displaySearchResults","displayNoResults","catch","searchResultsContainer","innerHTML","noResultsParagraph","createElement","textContent","appendChild","searchResults","htmlContent","i","jobName","company","location","description","contact","$","html","addClass"],"sources":["search.js"],"sourcesContent":["document.addEventListener(\"DOMContentLoaded\", function () {\r\n    var searchForm = document.getElementById(\"searchForm\");\r\n\r\n    if (searchForm) {\r\n        searchForm.addEventListener(\"submit\", performSearch);\r\n    } else {\r\n        console.error(\"Search form element not found.\");\r\n    }\r\n\r\n});\r\n\r\nfunction performSearch(event) {\r\n    event.preventDefault();\r\n\r\n    var query = document.getElementById(\"query\").value;\r\n\r\n    // Make a GET request to the server with the query as a parameter\r\n    fetch('http://localhost:5055/search-jobs', {\r\n        method: \"POST\",\r\n        headers: {\r\n            'Content-Type': 'application/json',\r\n        },\r\n        body: JSON.stringify({ q: query }),\r\n    })\r\n        .then(response => {\r\n            if (!response.ok) {\r\n                throw new Error(`Server error: ${response.status} ${response.statusText}`);\r\n            }\r\n            const contentType = response.headers.get('content-type');\r\n            if (contentType && contentType.includes('application/json')) {\r\n                return response.json(); // Parse JSON directly\r\n            } else {\r\n                throw new Error('Invalid content type in response');\r\n            }\r\n        })\r\n        .then(data => {\r\n            // Check if the job was found or not\r\n            if (data.length > 0) {\r\n                // Display the job details\r\n                displaySearchResults(data);\r\n            } else {\r\n                // Display a message indicating that no jobs were found\r\n                displayNoResults();\r\n            }\r\n        })\r\n        .catch(error => {\r\n            console.error('Network error occurred', error);\r\n            // Handle the error, e.g., display an error message\r\n        });\r\n}\r\n\r\n\r\nfunction displayNoResults() {\r\n    var searchResultsContainer = document.getElementById(\"searchResults\");\r\n\r\n    // Clear previous search results\r\n    searchResultsContainer.innerHTML = \"\";\r\n\r\n    // Display a message indicating that no jobs were found\r\n    var noResultsParagraph = document.createElement(\"p\");\r\n    noResultsParagraph.textContent = \"Sorry, no jobs found.\";\r\n    searchResultsContainer.appendChild(noResultsParagraph);\r\n}\r\n\r\n// Update your displaySearchResults function\r\nfunction displaySearchResults(searchResults) {\r\n    // Check if searchResults is defined and has a length property\r\n    if (searchResults && searchResults.length) {\r\n        // If there are results, build the HTML content and display it\r\n        let htmlContent = \"\";\r\n        for (let i = 0; i < searchResults.length; i++) {\r\n            // Modify this part based on your actual data structure\r\n            htmlContent += `<p><strong>Job Name</strong>: ${searchResults[i].jobName}</p>`;\r\n            htmlContent += `<p><strong>Company</strong>: ${searchResults[i].company}</p>`;\r\n            htmlContent += `<p><strong>Location</strong>: ${searchResults[i].location}</p>`;\r\n            htmlContent += `<p><strong>Description</strong>: ${searchResults[i].description}</p>`;\r\n            htmlContent += `<p><strong>Contact</strong>: ${searchResults[i].contact}</p>`;\r\n            // Add a horizontal line between job entries\r\n            htmlContent += `<hr>`;\r\n        }\r\n\r\n        // Set the HTML content inside the modal\r\n        $(\"#displaySearchResults\").html(htmlContent);\r\n\r\n        $(\"#searchResultsModal .modal-header\").addClass(\"bg-primary text-white\")\r\n\r\n    } else {\r\n        // If there are no results, display a message or handle it as needed\r\n        $(\"#displaySearchResults\").html(\"<p>No results found</p>\");\r\n    }\r\n}\r\n\r\n"],"mappings":"uyKAeY;AAAAA,aAAA,SAAAA,CAAA,SAAAC,cAAA,WAAAA,cAAA,EAAAD,aAAA,GAAAA,aAAA,GAAAE,CAAA,MAfZC,QAAQ,CAACC,gBAAgB,CAAC,kBAAkB,CAAE,UAAY,CAAAJ,aAAA,GAAAK,CAAA,MACtD,GAAI,CAAAC,UAAU,EAAAN,aAAA,GAAAE,CAAA,MAAGC,QAAQ,CAACI,cAAc,CAAC,YAAY,CAAC,EAACP,aAAA,GAAAE,CAAA,MAEvD,GAAII,UAAU,CAAE,CAAAN,aAAA,GAAAQ,CAAA,SAAAR,aAAA,GAAAE,CAAA,MACZI,UAAU,CAACF,gBAAgB,CAAC,QAAQ,CAAEK,aAAa,CAAC,CACxD,CAAC,IAAM,CAAAT,aAAA,GAAAQ,CAAA,SAAAR,aAAA,GAAAE,CAAA,MACHQ,OAAO,CAACC,KAAK,CAAC,gCAAgC,CAAC,CACnD,CAEJ,CAAC,CAAC,CAEF,QAAS,CAAAF,aAAaA,CAACG,KAAK,CAAE,CAAAZ,aAAA,GAAAK,CAAA,MAAAL,aAAA,GAAAE,CAAA,MAC1BU,KAAK,CAACC,cAAc,CAAC,CAAC,CAEtB,GAAI,CAAAC,KAAK,EAAAd,aAAA,GAAAE,CAAA,MAAGC,QAAQ,CAACI,cAAc,CAAC,OAAO,CAAC,CAACQ,KAAK,EAElD;AAAAf,aAAA,GAAAE,CAAA,MACAc,KAAK,CAAC,mCAAmC,CAAE,CACvCC,MAAM,CAAE,MAAM,CACdC,OAAO,CAAE,CACL,cAAc,CAAE,kBACpB,CAAC,CACDC,IAAI,CAAEC,IAAI,CAACC,SAAS,CAAC,CAAEC,CAAC,CAAER,KAAM,CAAC,CACrC,CAAC,CAAC,CACGS,IAAI,CAACC,QAAQ,EAAI,CAAAxB,aAAA,GAAAK,CAAA,MAAAL,aAAA,GAAAE,CAAA,MACd,GAAI,CAACsB,QAAQ,CAACC,EAAE,CAAE,CAAAzB,aAAA,GAAAQ,CAAA,SAAAR,aAAA,GAAAE,CAAA,MACd,KAAM,IAAI,CAAAwB,KAAK,CAAE,iBAAgBF,QAAQ,CAACG,MAAO,IAAGH,QAAQ,CAACI,UAAW,EAAC,CAAC,CAC9E,CAAC,KAAA5B,aAAA,GAAAQ,CAAA,UACD,KAAM,CAAAqB,WAAW,EAAA7B,aAAA,GAAAE,CAAA,OAAGsB,QAAQ,CAACN,OAAO,CAACY,GAAG,CAAC,cAAc,CAAC,EAAC9B,aAAA,GAAAE,CAAA,OACzD,GAAI,CAAAF,aAAA,GAAAQ,CAAA,SAAAqB,WAAW,IAAA7B,aAAA,GAAAQ,CAAA,SAAIqB,WAAW,CAACE,QAAQ,CAAC,kBAAkB,CAAC,EAAE,CAAA/B,aAAA,GAAAQ,CAAA,SAAAR,aAAA,GAAAE,CAAA,OACzD,MAAO,CAAAsB,QAAQ,CAACQ,IAAI,CAAC,CAAC,CAAE;AAC5B,CAAC,IAAM,CAAAhC,aAAA,GAAAQ,CAAA,SAAAR,aAAA,GAAAE,CAAA,OACH,KAAM,IAAI,CAAAwB,KAAK,CAAC,kCAAkC,CAAC,CACvD,CACJ,CAAC,CAAC,CACDH,IAAI,CAACU,IAAI,EAAI,CAAAjC,aAAA,GAAAK,CAAA,MAAAL,aAAA,GAAAE,CAAA,OACV;AACA,GAAI+B,IAAI,CAACC,MAAM,CAAG,CAAC,CAAE,CAAAlC,aAAA,GAAAQ,CAAA,SAAAR,aAAA,GAAAE,CAAA,OACjB;AACAiC,oBAAoB,CAACF,IAAI,CAAC,CAC9B,CAAC,IAAM,CAAAjC,aAAA,GAAAQ,CAAA,SAAAR,aAAA,GAAAE,CAAA,OACH;AACAkC,gBAAgB,CAAC,CAAC,CACtB,CACJ,CAAC,CAAC,CACDC,KAAK,CAAC1B,KAAK,EAAI,CAAAX,aAAA,GAAAK,CAAA,MAAAL,aAAA,GAAAE,CAAA,OACZQ,OAAO,CAACC,KAAK,CAAC,wBAAwB,CAAEA,KAAK,CAAC,CAC9C;AACJ,CAAC,CAAC,CACV,CAGA,QAAS,CAAAyB,gBAAgBA,CAAA,CAAG,CAAApC,aAAA,GAAAK,CAAA,MACxB,GAAI,CAAAiC,sBAAsB,EAAAtC,aAAA,GAAAE,CAAA,OAAGC,QAAQ,CAACI,cAAc,CAAC,eAAe,CAAC,EAErE;AAAAP,aAAA,GAAAE,CAAA,OACAoC,sBAAsB,CAACC,SAAS,CAAG,EAAE,CAErC;AACA,GAAI,CAAAC,kBAAkB,EAAAxC,aAAA,GAAAE,CAAA,OAAGC,QAAQ,CAACsC,aAAa,CAAC,GAAG,CAAC,EAACzC,aAAA,GAAAE,CAAA,OACrDsC,kBAAkB,CAACE,WAAW,CAAG,uBAAuB,CAAC1C,aAAA,GAAAE,CAAA,OACzDoC,sBAAsB,CAACK,WAAW,CAACH,kBAAkB,CAAC,CAC1D,CAEA;AACA,QAAS,CAAAL,oBAAoBA,CAACS,aAAa,CAAE,CAAA5C,aAAA,GAAAK,CAAA,MAAAL,aAAA,GAAAE,CAAA,OACzC;AACA,GAAI,CAAAF,aAAA,GAAAQ,CAAA,SAAAoC,aAAa,IAAA5C,aAAA,GAAAQ,CAAA,SAAIoC,aAAa,CAACV,MAAM,EAAE,CAAAlC,aAAA,GAAAQ,CAAA,SACvC;AACA,GAAI,CAAAqC,WAAW,EAAA7C,aAAA,GAAAE,CAAA,OAAG,EAAE,EAACF,aAAA,GAAAE,CAAA,OACrB,IAAK,GAAI,CAAA4C,CAAC,EAAA9C,aAAA,GAAAE,CAAA,OAAG,CAAC,EAAE4C,CAAC,CAAGF,aAAa,CAACV,MAAM,CAAEY,CAAC,EAAE,CAAE,CAAA9C,aAAA,GAAAE,CAAA,OAC3C;AACA2C,WAAW,EAAK,iCAAgCD,aAAa,CAACE,CAAC,CAAC,CAACC,OAAQ,MAAK,CAAC/C,aAAA,GAAAE,CAAA,OAC/E2C,WAAW,EAAK,gCAA+BD,aAAa,CAACE,CAAC,CAAC,CAACE,OAAQ,MAAK,CAAChD,aAAA,GAAAE,CAAA,OAC9E2C,WAAW,EAAK,iCAAgCD,aAAa,CAACE,CAAC,CAAC,CAACG,QAAS,MAAK,CAACjD,aAAA,GAAAE,CAAA,OAChF2C,WAAW,EAAK,oCAAmCD,aAAa,CAACE,CAAC,CAAC,CAACI,WAAY,MAAK,CAAClD,aAAA,GAAAE,CAAA,OACtF2C,WAAW,EAAK,gCAA+BD,aAAa,CAACE,CAAC,CAAC,CAACK,OAAQ,MAAK,CAC7E;AAAAnD,aAAA,GAAAE,CAAA,OACA2C,WAAW,EAAK,MAAK,CACzB,CAEA;AAAA7C,aAAA,GAAAE,CAAA,OACAkD,CAAC,CAAC,uBAAuB,CAAC,CAACC,IAAI,CAACR,WAAW,CAAC,CAAC7C,aAAA,GAAAE,CAAA,OAE7CkD,CAAC,CAAC,mCAAmC,CAAC,CAACE,QAAQ,CAAC,uBAAuB,CAAC,CAE5E,CAAC,IAAM,CAAAtD,aAAA,GAAAQ,CAAA,SAAAR,aAAA,GAAAE,CAAA,OACH;AACAkD,CAAC,CAAC,uBAAuB,CAAC,CAACC,IAAI,CAAC,yBAAyB,CAAC,CAC9D,CACJ"},"all":true},"C:\\Users\\Rache\\OneDrive\\Documents\\DVOPS_Projects\\final(3)\\JobFinders\\public\\instrumented\\js\\userprofile.js":{"path":"C:\\Users\\Rache\\OneDrive\\Documents\\DVOPS_Projects\\final(3)\\JobFinders\\public\\instrumented\\js\\userprofile.js","statementMap":{"0":{"start":{"line":1,"column":35},"end":{"line":1,"column":120}},"1":{"start":{"line":1,"column":130},"end":{"line":1,"column":172}},"2":{"start":{"line":1,"column":184},"end":{"line":1,"column":213}},"3":{"start":{"line":1,"column":222},"end":{"line":1,"column":236}},"4":{"start":{"line":1,"column":254},"end":{"line":1,"column":6636}},"5":{"start":{"line":1,"column":6650},"end":{"line":1,"column":6679}},"6":{"start":{"line":1,"column":6680},"end":{"line":1,"column":6757}},"7":{"start":{"line":1,"column":6728},"end":{"line":1,"column":6756}},"8":{"start":{"line":1,"column":6776},"end":{"line":1,"column":6790}},"9":{"start":{"line":2,"column":0},"end":{"line":2,"column":50}},"10":{"start":{"line":2,"column":26},"end":{"line":2,"column":48}},"11":{"start":{"line":2,"column":51},"end":{"line":2,"column":73}},"12":{"start":{"line":2,"column":74},"end":{"line":2,"column":91}},"13":{"start":{"line":2,"column":112},"end":{"line":2,"column":136}},"14":{"start":{"line":2,"column":149},"end":{"line":2,"column":193}},"15":{"start":{"line":2,"column":195},"end":{"line":2,"column":219}},"16":{"start":{"line":2,"column":219},"end":{"line":2,"column":257}},"17":{"start":{"line":2,"column":257},"end":{"line":2,"column":281}},"18":{"start":{"line":2,"column":281},"end":{"line":2,"column":341}},"19":{"start":{"line":2,"column":341},"end":{"line":2,"column":365}},"20":{"start":{"line":2,"column":365},"end":{"line":2,"column":1481}},"21":{"start":{"line":2,"column":391},"end":{"line":2,"column":415}},"22":{"start":{"line":2,"column":415},"end":{"line":2,"column":439}},"23":{"start":{"line":2,"column":439},"end":{"line":2,"column":1479}},"24":{"start":{"line":2,"column":464},"end":{"line":2,"column":491}},"25":{"start":{"line":2,"column":505},"end":{"line":2,"column":561}},"26":{"start":{"line":2,"column":581},"end":{"line":2,"column":644}},"27":{"start":{"line":2,"column":656},"end":{"line":2,"column":682}},"28":{"start":{"line":2,"column":684},"end":{"line":2,"column":708}},"29":{"start":{"line":2,"column":708},"end":{"line":2,"column":1305}},"30":{"start":{"line":2,"column":719},"end":{"line":2,"column":744}},"31":{"start":{"line":2,"column":775},"end":{"line":2,"column":800}},"32":{"start":{"line":2,"column":800},"end":{"line":2,"column":1304}},"33":{"start":{"line":2,"column":1305},"end":{"line":2,"column":1330}},"34":{"start":{"line":2,"column":1330},"end":{"line":2,"column":1358}},"35":{"start":{"line":2,"column":1364},"end":{"line":2,"column":1391}},"36":{"start":{"line":2,"column":1391},"end":{"line":2,"column":1416}},"37":{"start":{"line":2,"column":1416},"end":{"line":2,"column":1478}},"38":{"start":{"line":2,"column":1481},"end":{"line":2,"column":1506}},"39":{"start":{"line":2,"column":1506},"end":{"line":2,"column":1521}},"40":{"start":{"line":3,"column":0},"end":{"line":3,"column":25}},"41":{"start":{"line":3,"column":25},"end":{"line":3,"column":113}},"42":{"start":{"line":3,"column":50},"end":{"line":3,"column":74}},"43":{"start":{"line":3,"column":74},"end":{"line":3,"column":99}},"44":{"start":{"line":3,"column":99},"end":{"line":3,"column":111}},"45":{"start":{"line":3,"column":139},"end":{"line":3,"column":163}},"46":{"start":
[...]
:22,"column":9}},{"start":{"line":20,"column":8},"end":{"line":22,"column":9}}],"line":20},"3":{"loc":{"start":{"line":20,"column":12},"end":{"line":20,"column":64}},"type":"binary-expr","locations":[{"start":{"line":20,"column":12},"end":{"line":20,"column":36}},{"start":{"line":20,"column":40},"end":{"line":20,"column":64}}],"line":20},"4":{"loc":{"start":{"line":26,"column":8},"end":{"line":28,"column":9}},"type":"if","locations":[{"start":{"line":26,"column":8},"end":{"line":28,"column":9}},{"start":{"line":26,"column":8},"end":{"line":28,"column":9}}],"line":26},"5":{"loc":{"start":{"line":84,"column":8},"end":{"line":86,"column":9}},"type":"if","locations":[{"start":{"line":84,"column":8},"end":{"line":86,"column":9}},{"start":{"line":84,"column":8},"end":{"line":86,"column":9}}],"line":84},"6":{"loc":{"start":{"line":88,"column":8},"end":{"line":90,"column":9}},"type":"if","locations":[{"start":{"line":88,"column":8},"end":{"line":90,"column":9}},{"start":{"line":88,"column":8},"end":{"line":90,"column":9}}],"line":88},"7":{"loc":{"start":{"line":95,"column":28},"end":{"line":95,"column":68}},"type":"binary-expr","locations":[{"start":{"line":95,"column":28},"end":{"line":95,"column":39}},{"start":{"line":95,"column":43},"end":{"line":95,"column":68}}],"line":95},"8":{"loc":{"start":{"line":96,"column":19},"end":{"line":96,"column":67}},"type":"binary-expr","locations":[{"start":{"line":96,"column":19},"end":{"line":96,"column":26}},{"start":{"line":96,"column":30},"end":{"line":96,"column":67}}],"line":96},"9":{"loc":{"start":{"line":99,"column":8},"end":{"line":103,"column":9}},"type":"if","locations":[{"start":{"line":99,"column":8},"end":{"line":103,"column":9}},{"start":{"line":99,"column":8},"end":{"line":103,"column":9}}],"line":99}},"s":{"0":0,"1":0,"2":0,"3":0,"4":0,"5":0,"6":0,"7":0,"8":0,"9":0,"10":0,"11":0,"12":0,"13":0,"14":0,"15":0,"16":0,"17":0,"18":0,"19":0,"20":0,"21":0,"22":0,"23":0,"24":0,"25":0,"26":0,"27":0,"28":0,"29":0,"30":0,"31":0,"32":0,"33":0,"34":0,"35":0,"36":0,"37":0,"38":0,"39":0},"f":{"0":0,"1":0,"2":0,"3":0},"b":{"0":[0,0],"1":[0,0,0,0,0],"2":[0,0],"3":[0,0],"4":[0,0],"5":[0,0],"6":[0,0],"7":[0,0],"8":[0,0],"9":[0,0]},"all":true},"C:\\Users\\Rache\\OneDrive\\Documents\\DVOPS_Projects\\final(3)\\JobFinders\\utils\\UserUtil.js":{"path":"C:\\Users\\Rache\\OneDrive\\Documents\\DVOPS_Projects\\final(3)\\JobFinders\\utils\\UserUtil.js","statementMap":{"0":{"start":{"line":1,"column":17},"end":{"line":1,"column":42}},"1":{"start":{"line":2,"column":11},"end":{"line":2,"column":33}},"2":{"start":{"line":4,"column":4},"end":{"line":7,"column":52}},"3":{"start":{"line":5,"column":21},"end":{"line":5,"column":56}},"4":{"start":{"line":6,"column":8},"end":{"line":6,"column":32}},"5":{"start":{"line":7,"column":20},"end":{"line":7,"column":39}},"6":{"start":{"line":7,"column":40},"end":{"line":7,"column":50}},"7":{"start":{"line":11,"column":4},"end":{"line":16,"column":52}},"8":{"start":{"line":12,"column":27},"end":{"line":12,"column":51}},"9":{"start":{"line":13,"column":8},"end":{"line":13,"column":32}},"10":{"start":{"line":14,"column":8},"end":{"line":14,"column":73}},"11":{"start":{"line":15,"column":8},"end":{"line":15,"column":26}},"12":{"start":{"line":16,"column":20},"end":{"line":16,"column":39}},"13":{"start":{"line":16,"column":40},"end":{"line":16,"column":50}},"14":{"start":{"line":20,"column":4},"end":{"line":27,"column":5}},"15":{"start":{"line":21,"column":25},"end":{"line":21,"column":59}},"16":{"start":{"line":24,"column":8},"end":{"line":24,"column":57}},"17":{"start":{"line":26,"column":8},"end":{"line":26,"column":64}},"18":{"start":{"line":32,"column":4},"end":{"line":63,"column":5}},"19":{"start":{"line":33,"column":22},"end":{"line":33,"column":36}},"20":{"start":{"line":34,"column":25},"end":{"line":34,"column":42}},"21":{"start":{"line":36,"column":25},"end":{"line":36,"column":59}},"22":{"start":{"line":38,"column":31},"end":{"line":38,"column":36}},"23":{"start":{"line":40,"column":8},"end":{"line":44,"column":9}},"24":{"start":{"line":40,"column":21},"end":{"line":40,"column":22}},"25":{"start":{"line":41,"column":27},"end":{"line":41,"column":38}},"26":{"start":{"line":42,"column":12},"end":{"line":43,"column":40}},"27":{"start":{"line":43,"column":16},"end":{"line":43,"column":40}},"28":{"start":{"line":45,"column":8},"end":{"line":47,"column":9}},"29":{"start":{"line":46,"column":12},"end":{"line":46,"column":74}},"30":{"start":{"line":49,"column":8},"end":{"line":51,"column":9}},"31":{"start":{"line":50,"column":12},"end":{"line":50,"column":73}},"32":{"start":{"line":52,"column":8},"end":{"line":54,"column":9}},"33":{"start":{"line":53,"column":12},"end":{"line":53,"column":70}},"34":{"start":{"line":55,"column":8},"end":{"line":60,"column":9}},"35":{"start":{"line":56,"column":12},"end":{"line":56,"column":89}},"36":{"start":{"line":59,"column":12},"end":{"line":59,"column":82}},"37":{"start":{"line":62,"column":8},"end":{"line":62,"column":64}},"38":{"start":{"line":68,"column":4},"end":{"line":130,"column":5}},"39":{"start":{"line":69,"column":22},"end":{"line":69,"column":36}},"40":{"start":{"line":70,"column":25},"end":{"line":70,"column":42}},"41":{"start":{"line":71,"column":21},"end":{"line":71,"column":34}},"42":{"start":{"line":72,"column":23},"end":{"line":72,"column":38}},"43":{"start":{"line":73,"column":25},"end":{"line":73,"column":59}},"44":{"start":{"line":76,"column":8},"end":{"line":127,"column":9}},"45":{"start":{"line":78,"column":12},"end":{"line":78,"column":116}},"46":{"start":{"line":82,"column":13},"end":{"line":127,"column":9}},"47":{"start":{"line":84,"column":12},"end":{"line":84,"column":96}},"48":{"start":{"line":88,"column":13},"end":{"line":127,"column":9}},"49":{"start":{"line":90,"column":12},"end":{"line":90,"column":119}},"50":{"start":{"line":94,"column":13},"end":{"line":127,"column":9}},"51":{"start":{"line":96,"column":12},"end":{"line":96,"column":127}},"52":{"start":{"line":100,"column":13},"end":{"line":127,"column":9}},"53":{"start":{"line":101,"column":12},"end":{"line":105,"column":15}},"54":{"start":{"line":103,"column":16},"end":{"line":103,"column":84}},"55":{"start":{"line":109,"column":13},"end":{"line":127,"column":9}},"56":{"start":{"line":110,"column":12},"end":{"line":113,"column":15}},"57":{"start":{"line":111,"column":16},"end":{"line":111,"column":77}},"58":{"start":{"line":116,"column":13},"end":{"line":127,"column":9}},"59":{"start":{"line":117,"column":36},"end":{"line":117,"column":72}},"60":{"start":{"line":118,"column":12},"end":{"line":118,"column":78}},"61":{"start":{"line":119,"column":12},"end":{"line":119,"column":57}},"62":{"start":{"line":123,"column":28},"end":{"line":123,"column":67}},"63":{"start":{"line":124,"column":33},"end":{"line":124,"column":77}},"64":{"start":{"line":125,"column":12},"end":{"line":125,"column":54}},"65":{"start":{"line":129,"column":8},"end":{"line":129,"column":77}},"66":{"start":{"line":136,"column":4},"end":{"line":185,"column":5}},"67":{"start":{"line":137,"column":19},"end":{"line":137,"column":32}},"68":{"start":{"line":138,"column":25},"end":{"line":138,"column":42}},"69":{"start":{"line":139,"column":23},"end":{"line":139,"column":38}},"70":{"start":{"line":142,"column":25},"end":{"line":142,"column":59}},"71":{"start":{"line":144,"column":19},"end":{"line":144,"column":24}},"72":{"start":{"line":146,"column":8},"end":{"line":154,"column":9}},"73":{"start":{"line":146,"column":21},"end":{"line":146,"column":22}},"74":{"start":{"line":147,"column":27},"end":{"line":147,"column":38}},"75":{"start":{"line":148,"column":12},"end":{"line":153,"column":13}},"76":{"start":{"line":149,"column":16},"end":{"line":149,"column":48}},"77":{"start":{"line":150,"column":16},"end":{"line":150,"column":44}},"78":{"start":{"line":152,"column":16},"end":{"line":152,"column":28}},"79":{"start":{"line":156,"column":8},"end":{"line":158,"column":9}},"80":{"start":{"line":157,"column":12},"end":{"line":157,"column":96}},"81":{"start":{"line":159,"column":8},"end":{"line":161,"column":9}},"82":{"start":{"line":160,"column":12},"end":{"line":160,"column":133}},"83":{"start":{"line":163,"column":8},"end":{"line":165,"column":9}},"84":{"start":{"line":164,"column":12},"end":{"line":164,"column":99}},"85":{"start":{"line":167,"column":8},"end":{"line":169,"column":9}},"86":{"start":{"line":168,"column":12},"end":{"line":168,"column":106}},"87":{"start":{"line":171,"column":8},"end":{"line":173,"column":9}},"88":{"start":{"line":172,"column":12},"end":{"line":172,"column":89}},"89":{"start":{"line":174,"column":8},"end":{"line":180,"column":9}},"90":{"start":{"line":175,"column":12},"end":{"line":175,"column":85}},"91":{"start":{"line":176,"column":12},"end":{"line":176,"column":100}},"92":{"start":{"line":179,"column":12},"end":{"line":179,"column":104}},"93":{"start":{"line":184,"column":8},"end":{"line":184,"column":64}},"94":{"start":{"line":190,"column":4},"end":{"line":213,"column":5}},"95":{"start":{"line":191,"column":33},"end":{"line":191,"column":48}},"96":{"start":{"line":192,"column":32},"end":{"line":192,"column":49}},"97":{"start":{"line":194,"column":25},"end":{"line":194,"column":59}},"98":{"start":{"line":195,"column":34},"end":{"line":195,"column":92}},"99":{"start":{"line":195,"column":61},"end":{"line":195,"column":91}},"100":{"start":{"line":197,"column":8},"end":{"line":210,"column":9}},"101":{"start":{"line":198,"column":33},"end":{"line":198,"column":60}},"102":{"start":{"line":201,"column":12},"end":{"line":207,"column":13}},"103":{"start":{"line":202,"column":16},"end":{"line":202,"column":54}},"104":{"start":{"line":203,"column":16},"end":{"line":203,"column":89}},"105":{"start":{"line":204,"column":16},"end":{"line":204,"column":109}},"106":{"start":{"line":206,"column":16},"end":{"line":206,"column":97}},"107":{"start":{"line":209,"column":12},"end":{"line":209,"column":94}},"108":{"start":{"line":212,"column":8},"end":{"line":212,"column":64}},"109":{"start":{"line":217,"column":0},"end":{"line":219,"column":2}}},"fnMap":{"0":{"name":"readJSON","decl":{"start":{"line":3,"column":15},"end":{"line":3,"column":23}},"loc":{"start":{"line":3,"column":34},"end":{"line":8,"column":1}},"line":3},"1":{"name":"writeJSON","decl":{"start":{"line":10,"column":15},"end":{"line":10,"column":24}},"loc":{"start":{"line":10,"column":43},"end":{"line":17,"column":1}},"line":10},"2":{"name":"viewUser","decl":{"start":{"line":19,"column":15},"end":{"line":19,"column":23}},"loc":{"start":{"line":19,"column":34},"end":{"line":28,"column":1}},"line":19},"3":{"name":"login","decl":{"start":{"line":31,"column":15},"end":{"line":31,"column":20}},"loc":{"start":{"line":31,"column":31},"end":{"line":64,"column":1}},"line":31},"4":{"name":"register","decl":{"start":{"line":66,"column":15},"end":{"line":66,"column":23}},"loc":{"start":{"line":66,"column":34},"end":{"line":132,"column":1}},"line":66},"5":{"name":"(anonymous_5)","decl":{"start":{"line":101,"column":93},"end":{"line":101,"column":94}},"loc":{"start":{"line":101,"column":105},"end":{"line":105,"column":13}},"line":101},"6":{"name":"(anonymous_6)","decl":{"start":{"line":110,"column":59},"end":{"line":110,"column":60}},"loc":{"start":{"line":110,"column":71},"end":{"line":113,"column":13}},"line":110},"7":{"name":"updateUser","decl":{"start":{"line":135,"column":15},"end":{"line":135,"column":25}},"loc":{"start":{"line":135,"column":36},"end":{"line":186,"column":1}},"line":135},"8":{"name":"deleteUser","decl":{"start":{"line":189,"column":15},"end":{"line":189,"column":25}},"loc":{"start":{"line":189,"column":36},"end":{"line":214,"column":1}},"line":189},"9":{"name":"(anonymous_9)","decl":{"start":{"line":195,"column":53},"end":{"line":195,"column":54}},"loc":{"start":{"line":195,"column":61},"end":{"line":195,"column":91}},"line":195}},"branchMap":{"0":{"loc":{"start":{"line":42,"column":12},"end":{"line":43,"column":40}},"type":"if","locations":[{"start":{"line":42,"column":12},"end":{"line":43,"column":40}},{"start":{"line":42,"column":12},"end":{"line":43,"column":40}}],"line":42},"1":{"loc":{"start":{"line":42,"column":16},"end":{"line":42,"column":72}},"type":"binary-expr","locations":[{"start":{"line":42,"column":16},"end":{"line":42,"column":39}},{"start":{"line":42,"column":43},"end":{"line":42,"column":72}}],"line":42},"2":{"loc":{"start":{"line":45,"column":8},"end":{"line":47,"column":9}},"type":"if","locations":[{"start":{"line":45,"column":8},"end":{"line":47,"column":9}},{"start":{"line":45,"column":8},"end":{"line":47,"column":9}}],"line":45},"3":{"loc":{"start":{"line":49,"column":8},"end":{"line":51,"column":9}},"type":"if","locations":[{"start":{"line":49,"column":8},"end":{"line":51,"column":9}},{"start":{"line":49,"column":8},"end":{"line":51,"column":9}}],"line":49},"4":{"loc":{"start":{"line":52,"column":8},"end":{"line":54,"column":9}},"type":"if","locations":[{"start":{"line":52,"column":8},"end":{"line":54,"column":9}},{"start":{"line":52,"column":8},"end":{"line":54,"column":9}}],"line":52},"5":{"loc":{"start":{"line":55,"column":8},"end":{"line":60,"column":9}},"type":"if","locations":[{"start":{"line":55,"column":8},"end":{"line":60,"column":9}},{"start":{"line":55,"column":8},"end":{"line":60,"column":9}}],"line":55},"6":{"loc":{"start":{"line":55,"column":12},"end":{"line":55,"column":31}},"type":"binary-expr","locations":[{"start":{"line":55,"column":12},"end":{"line":55,"column":18}},{"start":{"line":55,"column":22},"end":{"line":55,"column":31}}],"line":55},"7":{"loc":{"start":{"line":76,"column":8},"end":{"line":127,"column":9}},"type":"if","locations":[{"start":{"line":76,"column":8},"end":{"line":127,"column":9}},{"start":{"line":76,"column":8},"end":{"line":127,"column":9}}],"line":76},"8":{"loc":{"start":{"line":76,"column":12},"end":{"line":76,"column":74}},"type":"binary-expr","locations":[{"start":{"line":76,"column":12},"end":{"line":76,"column":24}},{"start":{"line":76,"column":28},"end":{"line":76,"column":43}},{"start":{"line":76,"column":46},"end":{"line":76,"column":57}},{"start":{"line":76,"column":62},"end":{"line":76,"column":74}}],"line":76},"9":{"loc":{"start":{"line":82,"column":13},"end":{"line":127,"column":9}},"type":"if","locations":[{"start":{"line":82,"column":13},"end":{"line":127,"column":9}},{"start":{"line":82,"column":13},"end":{"line":127,"column":9}}],"line":82},"10":{"loc":{"start":{"line":82,"column":17},"end":{"line":82,"column":64}},"type":"binary-expr","locations":[{"start":{"line":82,"column":17},"end":{"line":82,"column":37}},{"start":{"line":82,"column":41},"end":{"line":82,"column":64}}],"line":82},"11":{"loc":{"start":{"line":88,"column":13},"end":{"line":127,"column":9}},"type":"if","locations":[{"start":{"line":88,"column":13},"end":{"line":127,"column":9}},{"start":{"line":88,"column":13},"end":{"line":127,"column":9}}],"line":88},"12":{"loc":{"start":{"line":94,"column":13},"end":{"line":127,"column":9}},"type":"if","locations":[{"start":{"line":94,"column":13},"end":{"line":127,"column":9}},{"start":{"line":94,"column":13},"end":{"line":127,"column":9}}],"line":94},"13":{"loc":{"start":{"line":100,"column":13},"end":{"line":127,"column":9}},"type":"if","locations":[{"start":{"line":100,"column":13},"end":{"line":127,"column":9}},{"start":{"line":100,"column":13},"end":{"line":127,"column":9}}],"line":100},"14":{"loc":{"start":{"line":109,"column":13},"end":{"line":127,"column":9}},"type":"if","locations":[{"start":{"line":109,"column":13},"end":{"line":127,"column":9}},{"start":{"line":109,"column":13},"end":{"line":127,"column":9}}],"line":109},"15":{"loc":{"start":{"line":109,"column":17},"end":{"line":109,"column":63}},"type":"binary-expr","locations":[{"start":{"line":109,"column":17},"end":{"line":109,"column":42}},{"start":{"line":109,"column":46},"end":{"line":109,"column":63}}],"line":109},"16":{"loc":{"start":{"line":116,"column":13},"end":{"line":127,"column":9}},"type":"if","locations":[{"start":{"line":116,"column":13},"end":{"line":127,"column":9}},{"start":{"line":116,"column":13},"end":{"line":127,"column":9}}],"line":116},"17":{"loc":{"start":{"line":116,"column":17},"end":{"line":116,"column":58}},"type":"binary-expr","locations":[{"start":{"line":116,"column":17},"end":{"line":116,"column":31}},{"start":{"line":116,"column":35},"end":{"line":116,"column":58}}],"line":116},"18":{"loc":{"start":{"line":148,"column":12},"end":{"line":153,"column":13}},"type":"if","locations":[{"start":{"line":148,"column":12},"end":{"line":153,"column":13}},{"start":{"line":148,"column":12},"end":{"line":153,"column":13}}],"line":148},"19":{"loc":{"start":{"line":156,"column":8},"end":{"line":158,"column":9}},"type":"if","locations":[{"start":{"line":156,"column":8},"end":{"line":158,"column":9}},{"start":{"line":156,"column":8},"end":{"line":158,"column":9}}],"line":156},"20":{"loc":{"start":{"line":159,"column":8},"end":{"line":161,"column":9}},"type":"if","locations":[{"start":{"line":159,"column":8},"end":{"line":161,"column":9}},{"start":{"line":159,"column":8},"end":{"line":161,"column":9}}],"line":159},"21":{"loc":{"start":{"line":163,"column":8},"end":{"line":165,"column":9}},"type":"if","locations":[{"start":{"line":163,"column":8},"end":{"line":165,"column":9}},{"start":{"line":163,"column":8},"end":{"line":165,"column":9}}],"line":163},"22":{"loc":{"start":{"line":167,"column":8},"end":{"line":169,"column":9}},"type":"if","locations":[{"start":{"line":167,"column":8},"end":{"line":169,"column":9}},{"start":{"line":167,"column":8},"end":{"line":169,"column":9}}],"line":167},"23":{"loc":{"start":{"line":171,"column":8},"end":{"line":173,"column":9}},"type":"if","locations":[{"start":{"line":171,"column":8},"end":{"line":173,"column":9}},{"start":{"line":171,"column":8},"end":{"line":173,"column":9}}],"line":171},"24":{"loc":{"start":{"line":171,"column":12},"end":{"line":171,"column":32}},"type":"binary-expr","locations":[{"start":{"line":171,"column":12},"end":{"line":171,"column":19}},{"start":{"line":171,"column":23},"end":{"line":171,"column":32}}],"line":171},"25":{"loc":{"start":{"line":174,"column":8},"end":{"line":180,"column":9}},"type":"if","locations":[{"start":{"line":174,"column":8},"end":{"line":180,"column":9}},{"start":{"line":174,"column":8},"end":{"line":180,"column":9}}],"line":174},"26":{"loc":{"start":{"line":197,"column":8},"end":{"line":210,"column":9}},"type":"if","locations":[{"start":{"line":197,"column":8},"end":{"line":210,"column":9}},{"start":{"line":197,"column":8},"end":{"line":210,"column":9}}],"line":197},"27":{"loc":{"start":{"line":201,"column":12},"end":{"line":207,"column":13}},"type":"if","locations":[{"start":{"line":201,"column":12},"end":{"line":207,"column":13}},{"start":{"line":201,"column":12},"end":{"line":207,"column":13}}],"line":201}},"s":{"0":0,"1":0,"2":0,"3":0,"4":0,"5":0,"6":0,"7":0,"8":0,"9":0,"10":0,"11":0,"12":0,"13":0,"14":0,"15":0,"16":0,"17":0,"18":0,"19":0,"20":0,"21":0,"22":0,"23":0,"24":0,"25":0,"26":0,"27":0,"28":0,"29":0,"30":0,"31":0,"32":0,"33":0,"34":0,"35":0,"36":0,"37":0,"38":0,"39":0,"40":0,"41":0,"42":0,"43":0,"44":0,"45":0,"46":0,"47":0,"48":0,"49":0,"50":0,"51":0,"52":0,"53":0,"54":0,"55":0,"56":0,"57":0,"58":0,"59":0,"60":0,"61":0,"62":0,"63":0,"64":0,"65":0,"66":0,"67":0,"68":0,"69":0,"70":0,"71":0,"72":0,"73":0,"74":0,"75":0,"76":0,"77":0,"78":0,"79":0,"80":0,"81":0,"82":0,"83":0,"84":0,"85":0,"86":0,"87":0,"88":0,"89":0,"90":0,"91":0,"92":0,"93":0,"94":0,"95":0,"96":0,"97":0,"98":0,"99":0,"100":0,"101":0,"102":0,"103":0,"104":0,"105":0,"106":0,"107":0,"108":0,"109":0},"f":{"0":0,"1":0,"2":0,"3":0,"4":0,"5":0,"6":0,"7":0,"8":0,"9":0},"b":{"0":[0,0],"1":[0,0],"2":[0,0],"3":[0,0],"4":[0,0],"5":[0,0],"6":[0,0],"7":[0,0],"8":[0,0,0,0],"9":[0,0],"10":[0,0],"11":[0,0],"12":[0,0],"13":[0,0],"14":[0,0],"15":[0,0],"16":[0,0],"17":[0,0],"18":[0,0],"19":[0,0],"20":[0,0],"21":[0,0],"22":[0,0],"23":[0,0],"24":[0,0],"25":[0,0],"26":[0,0],"27":[0,0]},"all":true}}